<?xml version="1.0" encoding="utf-8"?>
<CoverageSession xmlns:xsd="http://www.w3.org/2001/XMLSchema" xmlns:xsi="http://www.w3.org/2001/XMLSchema-instance" Version="4.7.922.0">
  <Summary numSequencePoints="589" visitedSequencePoints="279" numBranchPoints="256" visitedBranchPoints="114" sequenceCoverage="47.37" branchCoverage="44.53" maxCyclomaticComplexity="8" minCyclomaticComplexity="1" maxCrapScore="20" minCrapScore="1" visitedClasses="25" numClasses="43" visitedMethods="67" numMethods="148" />
  <Modules>
    <Module skippedDueTo="Filter" hash="BA-A1-94-4D-72-3E-EF-49-B2-32-E7-EE-9F-B3-FC-AD-62-1A-F8-91">
      <ModulePath>C:\Program Files\dotnet\shared\Microsoft.NETCore.App\3.1.1\System.Private.CoreLib.dll</ModulePath>
      <ModuleTime>2019-12-07T21:40:56Z</ModuleTime>
      <ModuleName>System.Private.CoreLib</ModuleName>
      <Classes />
    </Module>
    <Module skippedDueTo="Filter" hash="63-C0-E7-F4-80-B3-11-B1-AB-7C-EF-FC-73-87-8F-86-CE-D6-69-5D">
      <ModulePath>C:\Program Files\dotnet\sdk\3.1.101\dotnet.dll</ModulePath>
      <ModuleTime>2019-12-20T03:32:30Z</ModuleTime>
      <ModuleName>dotnet</ModuleName>
      <Classes />
    </Module>
    <Module skippedDueTo="Filter" hash="7A-56-D1-54-BC-15-85-39-DA-17-17-FE-FB-38-15-4B-78-98-E5-80">
      <ModulePath>C:\Program Files\dotnet\shared\Microsoft.NETCore.App\3.1.1\System.Runtime.dll</ModulePath>
      <ModuleTime>2019-12-09T08:39:56Z</ModuleTime>
      <ModuleName>System.Runtime</ModuleName>
      <Classes />
    </Module>
    <Module skippedDueTo="Filter" hash="26-25-9F-9F-94-FF-13-F9-02-9C-57-75-C2-05-6B-4C-E9-36-A0-DD">
      <ModulePath>C:\Program Files\dotnet\sdk\3.1.101\Microsoft.DotNet.Cli.Utils.dll</ModulePath>
      <ModuleTime>2019-12-20T03:32:32Z</ModuleTime>
      <ModuleName>Microsoft.DotNet.Cli.Utils</ModuleName>
      <Classes />
    </Module>
    <Module skippedDueTo="Filter" hash="58-49-87-1F-73-BC-F4-63-E6-DC-16-9A-68-00-73-51-18-DF-4D-63">
      <ModulePath>C:\Program Files\dotnet\shared\Microsoft.NETCore.App\3.1.1\System.Runtime.Extensions.dll</ModulePath>
      <ModuleTime>2019-12-09T08:40:00Z</ModuleTime>
      <ModuleName>System.Runtime.Extensions</ModuleName>
      <Classes />
    </Module>
    <Module skippedDueTo="Filter" hash="20-E4-29-5C-AD-EA-20-F7-EB-91-43-9A-0D-AC-E8-1B-3C-49-6C-40">
      <ModulePath>C:\Program Files\dotnet\shared\Microsoft.NETCore.App\3.1.1\System.Runtime.Loader.dll</ModulePath>
      <ModuleTime>2019-12-09T08:40:00Z</ModuleTime>
      <ModuleName>System.Runtime.Loader</ModuleName>
      <Classes />
    </Module>
    <Module skippedDueTo="Filter" hash="C4-93-DE-A7-BF-47-C1-77-13-D8-6B-BC-03-6A-0C-BB-0A-39-99-F9">
      <ModulePath>C:\Program Files\dotnet\sdk\3.1.101\Microsoft.DotNet.PlatformAbstractions.dll</ModulePath>
      <ModuleTime>2019-12-20T03:32:38Z</ModuleTime>
      <ModuleName>Microsoft.DotNet.PlatformAbstractions</ModuleName>
      <Classes />
    </Module>
    <Module skippedDueTo="Filter" hash="2C-30-02-8C-B1-A2-1B-A0-1A-27-A6-24-3D-61-D5-E6-96-9D-4C-D8">
      <ModulePath>C:\Program Files\dotnet\shared\Microsoft.NETCore.App\3.1.1\netstandard.dll</ModulePath>
      <ModuleTime>2019-12-09T08:39:56Z</ModuleTime>
      <ModuleName>netstandard</ModuleName>
      <Classes />
    </Module>
    <Module skippedDueTo="Filter" hash="CE-5F-A9-D3-D8-4F-06-37-AE-9B-FA-4F-E5-3E-1E-03-B4-77-86-78">
      <ModulePath>C:\Program Files\dotnet\shared\Microsoft.NETCore.App\3.1.1\System.Runtime.InteropServices.RuntimeInformation.dll</ModulePath>
      <ModuleTime>2019-12-09T08:39:58Z</ModuleTime>
      <ModuleName>System.Runtime.InteropServices.RuntimeInformation</ModuleName>
      <Classes />
    </Module>
    <Module skippedDueTo="Filter" hash="6F-7C-BF-2C-C9-E7-07-66-16-9B-21-61-19-B6-01-F5-33-81-C0-88">
      <ModulePath>C:\Program Files\dotnet\shared\Microsoft.NETCore.App\3.1.1\System.IO.FileSystem.dll</ModulePath>
      <ModuleTime>2019-12-09T08:40:06Z</ModuleTime>
      <ModuleName>System.IO.FileSystem</ModuleName>
      <Classes />
    </Module>
    <Module skippedDueTo="Filter" hash="54-E5-A6-FF-F6-8C-6A-7D-CE-D2-2A-BF-D5-6B-67-60-2D-88-A0-A6">
      <ModulePath>C:\Program Files\dotnet\shared\Microsoft.NETCore.App\3.1.1\System.Runtime.InteropServices.dll</ModulePath>
      <ModuleTime>2019-12-09T08:40:02Z</ModuleTime>
      <ModuleName>System.Runtime.InteropServices</ModuleName>
      <Classes />
    </Module>
    <Module skippedDueTo="Filter" hash="02-FD-78-B1-DD-78-9E-C7-C1-D1-B6-B0-23-9A-FB-A3-98-A6-F6-E5">
      <ModulePath>C:\Program Files\dotnet\shared\Microsoft.NETCore.App\3.1.1\System.Memory.dll</ModulePath>
      <ModuleTime>2019-12-09T08:40:08Z</ModuleTime>
      <ModuleName>System.Memory</ModuleName>
      <Classes />
    </Module>
    <Module skippedDueTo="Filter" hash="A8-3F-3B-0D-FE-3C-B9-36-6E-33-0B-C3-CA-EE-8E-8A-E1-10-2A-F2">
      <ModulePath>C:\Program Files\dotnet\shared\Microsoft.NETCore.App\3.1.1\System.Threading.dll</ModulePath>
      <ModuleTime>2019-12-09T08:40:12Z</ModuleTime>
      <ModuleName>System.Threading</ModuleName>
      <Classes />
    </Module>
    <Module skippedDueTo="Filter" hash="C2-47-82-F2-1A-DF-11-49-45-82-64-6E-9D-8A-93-CE-08-F1-9E-D9">
      <ModulePath>C:\Program Files\dotnet\shared\Microsoft.NETCore.App\3.1.1\System.Text.Encoding.CodePages.dll</ModulePath>
      <ModuleTime>2019-12-09T08:40:02Z</ModuleTime>
      <ModuleName>System.Text.Encoding.CodePages</ModuleName>
      <Classes />
    </Module>
    <Module skippedDueTo="Filter" hash="7F-B3-05-BA-78-7B-90-86-20-73-A9-0B-A4-53-AD-F9-35-89-0E-88">
      <ModulePath>C:\Program Files\dotnet\shared\Microsoft.NETCore.App\3.1.1\System.Collections.dll</ModulePath>
      <ModuleTime>2019-12-09T08:40:36Z</ModuleTime>
      <ModuleName>System.Collections</ModuleName>
      <Classes />
    </Module>
    <Module skippedDueTo="Filter" hash="B0-17-92-AC-BB-F5-22-8A-22-BB-36-8A-C4-74-61-16-A1-F1-A5-17">
      <ModulePath>C:\Program Files\dotnet\shared\Microsoft.NETCore.App\3.1.1\System.Collections.Concurrent.dll</ModulePath>
      <ModuleTime>2019-12-09T08:39:56Z</ModuleTime>
      <ModuleName>System.Collections.Concurrent</ModuleName>
      <Classes />
    </Module>
    <Module skippedDueTo="Filter" hash="4B-23-3C-FB-2C-87-6B-C8-B9-B3-B0-3C-FE-2A-A6-B0-EA-C8-0B-A4">
      <ModulePath>C:\Program Files\dotnet\shared\Microsoft.NETCore.App\3.1.1\System.Threading.Thread.dll</ModulePath>
      <ModuleTime>2019-12-09T08:40:04Z</ModuleTime>
      <ModuleName>System.Threading.Thread</ModuleName>
      <Classes />
    </Module>
    <Module skippedDueTo="Filter" hash="65-78-30-2B-C9-50-D2-0B-61-2A-D8-09-F8-73-A7-FD-B9-8D-8E-59">
      <ModulePath>C:\Program Files\dotnet\sdk\3.1.101\Microsoft.DotNet.Configurer.dll</ModulePath>
      <ModuleTime>2019-12-20T03:32:00Z</ModuleTime>
      <ModuleName>Microsoft.DotNet.Configurer</ModuleName>
      <Classes />
    </Module>
    <Module skippedDueTo="Filter" hash="30-66-DB-F4-B6-F8-8C-84-13-A4-24-8F-F6-58-50-16-B2-00-A2-38">
      <ModulePath>C:\Program Files\dotnet\sdk\3.1.101\Microsoft.DotNet.Cli.CommandLine.dll</ModulePath>
      <ModuleTime>2019-12-20T03:32:00Z</ModuleTime>
      <ModuleName>Microsoft.DotNet.Cli.CommandLine</ModuleName>
      <Classes />
    </Module>
    <Module skippedDueTo="Filter" hash="73-45-14-55-A4-8E-EC-0A-1B-35-EF-E2-6D-BF-6C-6B-96-DA-7F-24">
      <ModulePath>C:\Program Files\dotnet\shared\Microsoft.NETCore.App\3.1.1\System.Diagnostics.Process.dll</ModulePath>
      <ModuleTime>2019-12-09T08:40:02Z</ModuleTime>
      <ModuleName>System.Diagnostics.Process</ModuleName>
      <Classes />
    </Module>
    <Module skippedDueTo="Filter" hash="1A-BF-9A-83-48-1A-09-B2-57-64-CE-83-07-87-20-FF-4D-9C-DA-85">
      <ModulePath>C:\Program Files\dotnet\sdk\3.1.101\Microsoft.DotNet.InternalAbstractions.dll</ModulePath>
      <ModuleTime>2019-12-20T03:32:00Z</ModuleTime>
      <ModuleName>Microsoft.DotNet.InternalAbstractions</ModuleName>
      <Classes />
    </Module>
    <Module skippedDueTo="Filter" hash="01-21-D0-71-7C-59-2D-58-68-0F-75-5A-8C-11-80-8D-31-48-DB-B4">
      <ModulePath>C:\Program Files\dotnet\shared\Microsoft.NETCore.App\3.1.1\System.Linq.dll</ModulePath>
      <ModuleTime>2019-12-09T08:40:04Z</ModuleTime>
      <ModuleName>System.Linq</ModuleName>
      <Classes />
    </Module>
    <Module skippedDueTo="Filter" hash="03-28-A9-BB-FA-B4-8F-A7-A3-77-17-9E-21-77-4B-F5-EA-93-2D-F2">
      <ModulePath>C:\Program Files\dotnet\sdk\3.1.101\NuGet.Frameworks.dll</ModulePath>
      <ModuleTime>2019-12-20T03:32:38Z</ModuleTime>
      <ModuleName>NuGet.Frameworks</ModuleName>
      <Classes />
    </Module>
    <Module skippedDueTo="Filter" hash="8F-66-CA-16-CB-91-DB-F4-6A-EC-BC-C3-07-99-05-F9-D2-D5-32-A7">
      <ModulePath>C:\Program Files\dotnet\shared\Microsoft.NETCore.App\3.1.1\System.Console.dll</ModulePath>
      <ModuleTime>2019-12-09T08:39:56Z</ModuleTime>
      <ModuleName>System.Console</ModuleName>
      <Classes />
    </Module>
    <Module skippedDueTo="Filter" hash="9A-B6-6B-F1-3A-E5-3C-24-16-36-C0-B2-CC-27-44-9B-73-D7-B7-58">
      <ModulePath>C:\Program Files\dotnet\shared\Microsoft.NETCore.App\3.1.1\System.Text.Encoding.Extensions.dll</ModulePath>
      <ModuleTime>2019-12-09T08:40:14Z</ModuleTime>
      <ModuleName>System.Text.Encoding.Extensions</ModuleName>
      <Classes />
    </Module>
    <Module skippedDueTo="Filter" hash="BE-9A-5D-A1-AA-13-AC-DA-D5-C1-FE-D2-21-5E-D6-EF-46-17-D8-BF">
      <ModulePath>C:\Program Files\dotnet\shared\Microsoft.NETCore.App\3.1.1\System.Runtime.CompilerServices.Unsafe.dll</ModulePath>
      <ModuleTime>2019-12-09T08:40:36Z</ModuleTime>
      <ModuleName>System.Runtime.CompilerServices.Unsafe</ModuleName>
      <Classes />
    </Module>
    <Module skippedDueTo="Filter" hash="69-18-E7-81-40-A9-08-05-90-BE-FA-C1-21-57-65-71-A9-EA-DF-A1">
      <ModulePath>C:\Program Files\dotnet\sdk\3.1.101\Microsoft.ApplicationInsights.dll</ModulePath>
      <ModuleTime>2019-12-20T03:32:00Z</ModuleTime>
      <ModuleName>Microsoft.ApplicationInsights</ModuleName>
      <Classes />
    </Module>
    <Module skippedDueTo="Filter" hash="9C-AF-40-D7-E0-8E-7D-55-6A-EE-BE-9D-81-85-5F-70-4C-43-3E-8F">
      <ModulePath>C:\Program Files\dotnet\shared\Microsoft.NETCore.App\3.1.1\System.Security.Cryptography.Algorithms.dll</ModulePath>
      <ModuleTime>2019-12-09T08:40:02Z</ModuleTime>
      <ModuleName>System.Security.Cryptography.Algorithms</ModuleName>
      <Classes />
    </Module>
    <Module skippedDueTo="Filter" hash="FC-88-C2-48-B1-32-80-2D-6A-AC-48-B8-59-A8-F8-B0-DC-CC-A4-DB">
      <ModulePath>C:\Program Files\dotnet\shared\Microsoft.NETCore.App\3.1.1\System.Buffers.dll</ModulePath>
      <ModuleTime>2019-12-09T08:39:58Z</ModuleTime>
      <ModuleName>System.Buffers</ModuleName>
      <Classes />
    </Module>
    <Module skippedDueTo="Filter" hash="A1-DB-CA-49-E5-DE-15-8A-D1-27-A7-83-3B-06-C2-FD-AA-93-97-7F">
      <ModulePath>C:\Program Files\dotnet\shared\Microsoft.NETCore.App\3.1.1\System.Private.Uri.dll</ModulePath>
      <ModuleTime>2019-12-09T08:39:54Z</ModuleTime>
      <ModuleName>System.Private.Uri</ModuleName>
      <Classes />
    </Module>
    <Module skippedDueTo="Filter" hash="C6-1E-E9-70-08-99-FC-7C-56-FD-99-EA-B2-77-BA-86-EC-00-3E-CD">
      <ModulePath>C:\Program Files\dotnet\shared\Microsoft.NETCore.App\3.1.1\System.Security.Cryptography.Primitives.dll</ModulePath>
      <ModuleTime>2019-12-09T08:40:06Z</ModuleTime>
      <ModuleName>System.Security.Cryptography.Primitives</ModuleName>
      <Classes />
    </Module>
    <Module skippedDueTo="Filter" hash="6D-F9-F7-3E-29-9D-20-BD-2F-49-83-2B-B5-0E-C3-9A-24-10-C2-11">
      <ModulePath>C:\Program Files\dotnet\shared\Microsoft.NETCore.App\3.1.1\System.Reflection.Extensions.dll</ModulePath>
      <ModuleTime>2019-12-09T08:40:36Z</ModuleTime>
      <ModuleName>System.Reflection.Extensions</ModuleName>
      <Classes />
    </Module>
    <Module skippedDueTo="Filter" hash="FE-CB-B7-96-25-17-F0-81-93-4A-CF-1E-36-56-09-82-59-87-B1-F7">
      <ModulePath>C:\Program Files\dotnet\sdk\3.1.101\Microsoft.TemplateEngine.Cli.dll</ModulePath>
      <ModuleTime>2019-12-20T03:32:26Z</ModuleTime>
      <ModuleName>Microsoft.TemplateEngine.Cli</ModuleName>
      <Classes />
    </Module>
    <Module skippedDueTo="Filter" hash="F7-22-BE-C3-24-16-7D-05-4F-01-12-91-F4-A3-B7-24-B6-01-82-06">
      <ModulePath>C:\Program Files\dotnet\shared\Microsoft.NETCore.App\3.1.1\System.Reflection.dll</ModulePath>
      <ModuleTime>2019-12-09T08:40:34Z</ModuleTime>
      <ModuleName>System.Reflection</ModuleName>
      <Classes />
    </Module>
    <Module skippedDueTo="Filter" hash="F9-C8-60-94-E8-BB-9F-56-AB-FF-B7-9F-17-63-1D-7D-9A-8C-5D-90">
      <ModulePath>C:\Program Files\dotnet\shared\Microsoft.NETCore.App\3.1.1\System.Xml.XDocument.dll</ModulePath>
      <ModuleTime>2019-12-09T08:39:54Z</ModuleTime>
      <ModuleName>System.Xml.XDocument</ModuleName>
      <Classes />
    </Module>
    <Module skippedDueTo="Filter" hash="67-B0-AA-21-34-86-26-B5-8A-2A-DE-BD-13-F6-E1-DC-C9-A6-C9-11">
      <ModulePath>C:\Program Files\dotnet\shared\Microsoft.NETCore.App\3.1.1\System.Resources.ResourceManager.dll</ModulePath>
      <ModuleTime>2019-12-09T08:39:56Z</ModuleTime>
      <ModuleName>System.Resources.ResourceManager</ModuleName>
      <Classes />
    </Module>
    <Module skippedDueTo="Filter" hash="8C-61-4B-EA-81-E0-4A-28-1C-92-01-32-97-55-F9-35-20-1B-2E-63">
      <ModulePath>C:\Program Files\dotnet\shared\Microsoft.NETCore.App\3.1.1\System.Private.Xml.Linq.dll</ModulePath>
      <ModuleTime>2019-12-09T08:39:56Z</ModuleTime>
      <ModuleName>System.Private.Xml.Linq</ModuleName>
      <Classes />
    </Module>
    <Module skippedDueTo="Filter" hash="76-B3-8B-2A-31-E1-F2-2D-97-5B-8E-92-73-70-7A-8F-72-E4-44-63">
      <ModulePath>C:\Program Files\dotnet\shared\Microsoft.NETCore.App\3.1.1\System.Private.Xml.dll</ModulePath>
      <ModuleTime>2019-12-09T08:39:56Z</ModuleTime>
      <ModuleName>System.Private.Xml</ModuleName>
      <Classes />
    </Module>
    <Module skippedDueTo="Filter" hash="0A-2F-ED-78-BD-C3-89-28-67-8C-34-6A-6A-42-E0-93-AB-02-7C-5A">
      <ModulePath>C:\Program Files\dotnet\shared\Microsoft.NETCore.App\3.1.1\System.Text.RegularExpressions.dll</ModulePath>
      <ModuleTime>2019-12-09T08:40:36Z</ModuleTime>
      <ModuleName>System.Text.RegularExpressions</ModuleName>
      <Classes />
    </Module>
    <Module skippedDueTo="Filter" hash="1F-AD-B1-AA-7D-FE-11-BC-97-F6-46-27-D7-C8-F7-6D-53-4E-3A-41">
      <ModulePath>C:\Program Files\dotnet\shared\Microsoft.NETCore.App\3.1.1\System.Xml.ReaderWriter.dll</ModulePath>
      <ModuleTime>2019-12-09T08:40:26Z</ModuleTime>
      <ModuleName>System.Xml.ReaderWriter</ModuleName>
      <Classes />
    </Module>
    <Module skippedDueTo="Filter" hash="58-CE-28-9B-89-FC-5B-7D-F9-DF-DB-E2-82-9F-FB-C8-9A-65-2E-CD">
      <ModulePath>C:\Program Files\dotnet\shared\Microsoft.NETCore.App\3.1.1\System.Diagnostics.Tracing.dll</ModulePath>
      <ModuleTime>2019-12-09T08:40:34Z</ModuleTime>
      <ModuleName>System.Diagnostics.Tracing</ModuleName>
      <Classes />
    </Module>
    <Module skippedDueTo="Filter" hash="F9-64-1E-55-2D-9C-5D-82-69-A6-84-14-0D-0F-D7-44-B3-5C-A7-06">
      <ModulePath>C:\Program Files\dotnet\shared\Microsoft.NETCore.App\3.1.1\System.Threading.Tasks.dll</ModulePath>
      <ModuleTime>2019-12-09T08:40:34Z</ModuleTime>
      <ModuleName>System.Threading.Tasks</ModuleName>
      <Classes />
    </Module>
    <Module skippedDueTo="Filter" hash="E8-BD-85-B9-4C-23-55-8C-87-8C-7C-65-E6-6E-D5-8C-53-F3-85-9E">
      <ModulePath>C:\Program Files\dotnet\shared\Microsoft.NETCore.App\3.1.1\System.Globalization.dll</ModulePath>
      <ModuleTime>2019-12-09T08:40:36Z</ModuleTime>
      <ModuleName>System.Globalization</ModuleName>
      <Classes />
    </Module>
    <Module skippedDueTo="Filter" hash="C3-0D-A0-B1-74-3B-15-DF-A7-15-4C-96-D4-27-BF-FD-FE-00-A4-EB">
      <ModulePath>C:\Program Files\dotnet\shared\Microsoft.NETCore.App\3.1.1\System.Reflection.Emit.ILGeneration.dll</ModulePath>
      <ModuleTime>2019-12-09T08:40:34Z</ModuleTime>
      <ModuleName>System.Reflection.Emit.ILGeneration</ModuleName>
      <Classes />
    </Module>
    <Module skippedDueTo="Filter" hash="82-A4-6C-57-AF-AA-D5-30-07-87-6E-51-C8-AB-EB-02-D5-17-69-13">
      <ModulePath>C:\Program Files\dotnet\shared\Microsoft.NETCore.App\3.1.1\System.Reflection.Emit.Lightweight.dll</ModulePath>
      <ModuleTime>2019-12-09T08:40:00Z</ModuleTime>
      <ModuleName>System.Reflection.Emit.Lightweight</ModuleName>
      <Classes />
    </Module>
    <Module skippedDueTo="Filter" hash="49-18-F3-D0-44-80-34-0E-8A-59-5F-EC-4C-DE-3E-8A-19-82-A8-F2">
      <ModulePath>C:\Program Files\dotnet\shared\Microsoft.NETCore.App\3.1.1\System.Reflection.Primitives.dll</ModulePath>
      <ModuleTime>2019-12-09T08:40:04Z</ModuleTime>
      <ModuleName>System.Reflection.Primitives</ModuleName>
      <Classes />
    </Module>
    <Module skippedDueTo="Filter" hash="61-88-56-DF-E6-E0-99-C6-F6-44-13-17-10-25-81-0B-73-61-4C-32">
      <ModulePath>C:\Program Files\dotnet\sdk\3.1.101\Microsoft.TemplateEngine.Utils.dll</ModulePath>
      <ModuleTime>2019-12-20T03:32:30Z</ModuleTime>
      <ModuleName>Microsoft.TemplateEngine.Utils</ModuleName>
      <Classes />
    </Module>
    <Module skippedDueTo="Filter" hash="A4-79-06-40-D5-5F-A9-60-39-5B-4E-11-23-32-9B-D2-91-70-E6-9A">
      <ModulePath>C:\Program Files\dotnet\shared\Microsoft.NETCore.App\3.1.1\Microsoft.Win32.Registry.dll</ModulePath>
      <ModuleTime>2019-12-09T08:40:38Z</ModuleTime>
      <ModuleName>Microsoft.Win32.Registry</ModuleName>
      <Classes />
    </Module>
    <Module skippedDueTo="Filter" hash="97-79-6B-C0-29-9F-16-60-A3-A0-E8-AA-21-74-1B-4B-7C-23-CE-22">
      <ModulePath>C:\Program Files\dotnet\sdk\3.1.101\es\dotnet.resources.dll</ModulePath>
      <ModuleTime>2019-12-18T05:38:54Z</ModuleTime>
      <ModuleName>dotnet.resources</ModuleName>
      <Classes />
    </Module>
    <Module skippedDueTo="Filter" hash="82-8D-BA-AC-40-85-10-CA-B8-7F-36-2B-6D-AE-A0-F3-2B-F1-B5-F0">
      <ModulePath>C:\Program Files\dotnet\shared\Microsoft.NETCore.App\3.1.1\System.Diagnostics.Tools.dll</ModulePath>
      <ModuleTime>2019-12-09T08:40:00Z</ModuleTime>
      <ModuleName>System.Diagnostics.Tools</ModuleName>
      <Classes />
    </Module>
    <Module skippedDueTo="Filter" hash="46-D5-F8-2E-9F-A9-78-CB-94-2A-A7-6D-1A-4D-01-4A-E0-12-4B-7F">
      <ModulePath>C:\Program Files\dotnet\shared\Microsoft.NETCore.App\3.1.1\System.Diagnostics.Debug.dll</ModulePath>
      <ModuleTime>2019-12-09T08:40:04Z</ModuleTime>
      <ModuleName>System.Diagnostics.Debug</ModuleName>
      <Classes />
    </Module>
    <Module skippedDueTo="Filter" hash="E1-64-90-F4-41-89-3C-1E-7E-3F-55-45-8A-DE-E0-4C-12-C0-CF-75">
      <ModulePath>C:\Program Files\dotnet\shared\Microsoft.NETCore.App\3.1.1\System.IO.dll</ModulePath>
      <ModuleTime>2019-12-09T08:40:34Z</ModuleTime>
      <ModuleName>System.IO</ModuleName>
      <Classes />
    </Module>
    <Module skippedDueTo="Filter" hash="51-D2-F8-10-1F-22-A8-6B-7A-C1-7A-EF-51-5D-75-B1-8B-9B-90-26">
      <ModulePath>C:\Program Files\dotnet\shared\Microsoft.NETCore.App\3.1.1\System.Text.Encoding.dll</ModulePath>
      <ModuleTime>2019-12-09T08:40:14Z</ModuleTime>
      <ModuleName>System.Text.Encoding</ModuleName>
      <Classes />
    </Module>
    <Module skippedDueTo="Filter" hash="81-43-50-E3-13-36-9A-61-6C-4D-39-82-8F-7C-96-DB-6B-E6-B3-A2">
      <ModulePath>C:\Program Files\dotnet\shared\Microsoft.NETCore.App\3.1.1\System.IO.Compression.dll</ModulePath>
      <ModuleTime>2019-12-09T08:40:02Z</ModuleTime>
      <ModuleName>System.IO.Compression</ModuleName>
      <Classes />
    </Module>
    <Module skippedDueTo="Filter" hash="69-FE-D8-1A-39-46-E9-D5-38-AB-56-03-9C-A7-0F-45-ED-B2-D5-89">
      <ModulePath>C:\Program Files\dotnet\shared\Microsoft.NETCore.App\3.1.1\System.Net.Http.dll</ModulePath>
      <ModuleTime>2019-12-09T08:40:04Z</ModuleTime>
      <ModuleName>System.Net.Http</ModuleName>
      <Classes />
    </Module>
    <Module skippedDueTo="Filter" hash="18-FA-0D-95-F1-C9-6C-5F-3D-ED-64-F5-E7-EA-F2-93-72-0C-61-3D">
      <ModulePath>C:\Program Files\dotnet\shared\Microsoft.NETCore.App\3.1.1\System.Net.Primitives.dll</ModulePath>
      <ModuleTime>2019-12-09T08:39:54Z</ModuleTime>
      <ModuleName>System.Net.Primitives</ModuleName>
      <Classes />
    </Module>
    <Module skippedDueTo="Filter" hash="35-6E-74-A3-51-5E-E3-83-2D-F5-67-19-F3-95-CB-7A-CF-15-60-CA">
      <ModulePath>C:\Program Files\dotnet\shared\Microsoft.NETCore.App\3.1.1\System.Net.Security.dll</ModulePath>
      <ModuleTime>2019-12-09T08:39:56Z</ModuleTime>
      <ModuleName>System.Net.Security</ModuleName>
      <Classes />
    </Module>
    <Module skippedDueTo="Filter" hash="9A-83-5A-B5-87-CC-A8-C7-79-AC-67-E5-CA-0D-81-86-66-93-37-22">
      <ModulePath>C:\Program Files\dotnet\sdk\3.1.101\Microsoft.Build.Framework.dll</ModulePath>
      <ModuleTime>2019-12-20T03:32:24Z</ModuleTime>
      <ModuleName>Microsoft.Build.Framework</ModuleName>
      <Classes />
    </Module>
    <Module skippedDueTo="Filter" hash="6A-14-D9-A1-75-17-BF-9F-6B-FB-5F-B5-AC-8A-2C-94-97-A6-50-92">
      <ModulePath>C:\Program Files\dotnet\shared\Microsoft.NETCore.App\3.1.1\System.Security.Cryptography.X509Certificates.dll</ModulePath>
      <ModuleTime>2019-12-09T08:40:36Z</ModuleTime>
      <ModuleName>System.Security.Cryptography.X509Certificates</ModuleName>
      <Classes />
    </Module>
    <Module skippedDueTo="Filter" hash="9B-E9-31-17-1E-42-BF-69-F2-8E-74-6B-F8-6B-B7-D7-F7-77-11-7F">
      <ModulePath>C:\Program Files\dotnet\shared\Microsoft.NETCore.App\3.1.1\System.ComponentModel.Primitives.dll</ModulePath>
      <ModuleTime>2019-12-09T08:39:58Z</ModuleTime>
      <ModuleName>System.ComponentModel.Primitives</ModuleName>
      <Classes />
    </Module>
    <Module skippedDueTo="Filter" hash="49-AA-09-7E-08-21-F3-64-A1-95-BC-6F-B6-DA-5F-6A-14-4F-DC-60">
      <ModulePath>C:\Program Files\dotnet\shared\Microsoft.NETCore.App\3.1.1\System.Collections.NonGeneric.dll</ModulePath>
      <ModuleTime>2019-12-09T08:39:56Z</ModuleTime>
      <ModuleName>System.Collections.NonGeneric</ModuleName>
      <Classes />
    </Module>
    <Module skippedDueTo="Filter" hash="5A-53-4F-48-AF-B1-EB-60-21-87-B1-28-94-0A-4B-2D-BB-CE-B3-2D">
      <ModulePath>C:\Program Files\dotnet\shared\Microsoft.NETCore.App\3.1.1\Microsoft.Win32.Primitives.dll</ModulePath>
      <ModuleTime>2019-12-09T08:39:56Z</ModuleTime>
      <ModuleName>Microsoft.Win32.Primitives</ModuleName>
      <Classes />
    </Module>
    <Module skippedDueTo="Filter" hash="BA-A1-94-4D-72-3E-EF-49-B2-32-E7-EE-9F-B3-FC-AD-62-1A-F8-91">
      <ModulePath>C:\Program Files\dotnet\shared\Microsoft.NETCore.App\3.1.1\System.Private.CoreLib.dll</ModulePath>
      <ModuleTime>2019-12-07T21:40:56Z</ModuleTime>
      <ModuleName>System.Private.CoreLib</ModuleName>
      <Classes />
    </Module>
    <Module skippedDueTo="Filter" hash="2F-64-93-42-DC-03-FB-18-D6-2C-17-CE-34-4A-A1-1C-E2-29-83-40">
      <ModulePath>C:\Program Files\dotnet\sdk\3.1.101\MSBuild.dll</ModulePath>
      <ModuleTime>2019-12-20T03:31:42Z</ModuleTime>
      <ModuleName>MSBuild</ModuleName>
      <Classes />
    </Module>
    <Module skippedDueTo="Filter" hash="7A-56-D1-54-BC-15-85-39-DA-17-17-FE-FB-38-15-4B-78-98-E5-80">
      <ModulePath>C:\Program Files\dotnet\shared\Microsoft.NETCore.App\3.1.1\System.Runtime.dll</ModulePath>
      <ModuleTime>2019-12-09T08:39:56Z</ModuleTime>
      <ModuleName>System.Runtime</ModuleName>
      <Classes />
    </Module>
    <Module skippedDueTo="Filter" hash="58-49-87-1F-73-BC-F4-63-E6-DC-16-9A-68-00-73-51-18-DF-4D-63">
      <ModulePath>C:\Program Files\dotnet\shared\Microsoft.NETCore.App\3.1.1\System.Runtime.Extensions.dll</ModulePath>
      <ModuleTime>2019-12-09T08:40:00Z</ModuleTime>
      <ModuleName>System.Runtime.Extensions</ModuleName>
      <Classes />
    </Module>
    <Module skippedDueTo="Filter" hash="A8-3F-3B-0D-FE-3C-B9-36-6E-33-0B-C3-CA-EE-8E-8A-E1-10-2A-F2">
      <ModulePath>C:\Program Files\dotnet\shared\Microsoft.NETCore.App\3.1.1\System.Threading.dll</ModulePath>
      <ModuleTime>2019-12-09T08:40:12Z</ModuleTime>
      <ModuleName>System.Threading</ModuleName>
      <Classes />
    </Module>
    <Module skippedDueTo="Filter" hash="F9-64-1E-55-2D-9C-5D-82-69-A6-84-14-0D-0F-D7-44-B3-5C-A7-06">
      <ModulePath>C:\Program Files\dotnet\shared\Microsoft.NETCore.App\3.1.1\System.Threading.Tasks.dll</ModulePath>
      <ModuleTime>2019-12-09T08:40:34Z</ModuleTime>
      <ModuleName>System.Threading.Tasks</ModuleName>
      <Classes />
    </Module>
    <Module skippedDueTo="Filter" hash="CE-5F-A9-D3-D8-4F-06-37-AE-9B-FA-4F-E5-3E-1E-03-B4-77-86-78">
      <ModulePath>C:\Program Files\dotnet\shared\Microsoft.NETCore.App\3.1.1\System.Runtime.InteropServices.RuntimeInformation.dll</ModulePath>
      <ModuleTime>2019-12-09T08:39:58Z</ModuleTime>
      <ModuleName>System.Runtime.InteropServices.RuntimeInformation</ModuleName>
      <Classes />
    </Module>
    <Module skippedDueTo="Filter" hash="73-45-14-55-A4-8E-EC-0A-1B-35-EF-E2-6D-BF-6C-6B-96-DA-7F-24">
      <ModulePath>C:\Program Files\dotnet\shared\Microsoft.NETCore.App\3.1.1\System.Diagnostics.Process.dll</ModulePath>
      <ModuleTime>2019-12-09T08:40:02Z</ModuleTime>
      <ModuleName>System.Diagnostics.Process</ModuleName>
      <Classes />
    </Module>
    <Module skippedDueTo="Filter" hash="9B-E9-31-17-1E-42-BF-69-F2-8E-74-6B-F8-6B-B7-D7-F7-77-11-7F">
      <ModulePath>C:\Program Files\dotnet\shared\Microsoft.NETCore.App\3.1.1\System.ComponentModel.Primitives.dll</ModulePath>
      <ModuleTime>2019-12-09T08:39:58Z</ModuleTime>
      <ModuleName>System.ComponentModel.Primitives</ModuleName>
      <Classes />
    </Module>
    <Module skippedDueTo="Filter" hash="01-21-D0-71-7C-59-2D-58-68-0F-75-5A-8C-11-80-8D-31-48-DB-B4">
      <ModulePath>C:\Program Files\dotnet\shared\Microsoft.NETCore.App\3.1.1\System.Linq.dll</ModulePath>
      <ModuleTime>2019-12-09T08:40:04Z</ModuleTime>
      <ModuleName>System.Linq</ModuleName>
      <Classes />
    </Module>
    <Module skippedDueTo="Filter" hash="0A-2F-ED-78-BD-C3-89-28-67-8C-34-6A-6A-42-E0-93-AB-02-7C-5A">
      <ModulePath>C:\Program Files\dotnet\shared\Microsoft.NETCore.App\3.1.1\System.Text.RegularExpressions.dll</ModulePath>
      <ModuleTime>2019-12-09T08:40:36Z</ModuleTime>
      <ModuleName>System.Text.RegularExpressions</ModuleName>
      <Classes />
    </Module>
    <Module skippedDueTo="Filter" hash="7F-B3-05-BA-78-7B-90-86-20-73-A9-0B-A4-53-AD-F9-35-89-0E-88">
      <ModulePath>C:\Program Files\dotnet\shared\Microsoft.NETCore.App\3.1.1\System.Collections.dll</ModulePath>
      <ModuleTime>2019-12-09T08:40:36Z</ModuleTime>
      <ModuleName>System.Collections</ModuleName>
      <Classes />
    </Module>
    <Module skippedDueTo="Filter" hash="02-FD-78-B1-DD-78-9E-C7-C1-D1-B6-B0-23-9A-FB-A3-98-A6-F6-E5">
      <ModulePath>C:\Program Files\dotnet\shared\Microsoft.NETCore.App\3.1.1\System.Memory.dll</ModulePath>
      <ModuleTime>2019-12-09T08:40:08Z</ModuleTime>
      <ModuleName>System.Memory</ModuleName>
      <Classes />
    </Module>
    <Module skippedDueTo="Filter" hash="FC-88-C2-48-B1-32-80-2D-6A-AC-48-B8-59-A8-F8-B0-DC-CC-A4-DB">
      <ModulePath>C:\Program Files\dotnet\shared\Microsoft.NETCore.App\3.1.1\System.Buffers.dll</ModulePath>
      <ModuleTime>2019-12-09T08:39:58Z</ModuleTime>
      <ModuleName>System.Buffers</ModuleName>
      <Classes />
    </Module>
    <Module skippedDueTo="Filter" hash="6F-7C-BF-2C-C9-E7-07-66-16-9B-21-61-19-B6-01-F5-33-81-C0-88">
      <ModulePath>C:\Program Files\dotnet\shared\Microsoft.NETCore.App\3.1.1\System.IO.FileSystem.dll</ModulePath>
      <ModuleTime>2019-12-09T08:40:06Z</ModuleTime>
      <ModuleName>System.IO.FileSystem</ModuleName>
      <Classes />
    </Module>
    <Module skippedDueTo="Filter" hash="54-E5-A6-FF-F6-8C-6A-7D-CE-D2-2A-BF-D5-6B-67-60-2D-88-A0-A6">
      <ModulePath>C:\Program Files\dotnet\shared\Microsoft.NETCore.App\3.1.1\System.Runtime.InteropServices.dll</ModulePath>
      <ModuleTime>2019-12-09T08:40:02Z</ModuleTime>
      <ModuleName>System.Runtime.InteropServices</ModuleName>
      <Classes />
    </Module>
    <Module skippedDueTo="Filter" hash="8F-66-CA-16-CB-91-DB-F4-6A-EC-BC-C3-07-99-05-F9-D2-D5-32-A7">
      <ModulePath>C:\Program Files\dotnet\shared\Microsoft.NETCore.App\3.1.1\System.Console.dll</ModulePath>
      <ModuleTime>2019-12-09T08:39:56Z</ModuleTime>
      <ModuleName>System.Console</ModuleName>
      <Classes />
    </Module>
    <Module skippedDueTo="Filter" hash="9A-83-5A-B5-87-CC-A8-C7-79-AC-67-E5-CA-0D-81-86-66-93-37-22">
      <ModulePath>C:\Program Files\dotnet\sdk\3.1.101\Microsoft.Build.Framework.dll</ModulePath>
      <ModuleTime>2019-12-20T03:32:24Z</ModuleTime>
      <ModuleName>Microsoft.Build.Framework</ModuleName>
      <Classes />
    </Module>
    <Module skippedDueTo="Filter" hash="2C-30-02-8C-B1-A2-1B-A0-1A-27-A6-24-3D-61-D5-E6-96-9D-4C-D8">
      <ModulePath>C:\Program Files\dotnet\shared\Microsoft.NETCore.App\3.1.1\netstandard.dll</ModulePath>
      <ModuleTime>2019-12-09T08:39:56Z</ModuleTime>
      <ModuleName>netstandard</ModuleName>
      <Classes />
    </Module>
    <Module skippedDueTo="Filter" hash="43-C9-D7-7F-9D-1E-19-77-9E-9E-DF-3E-3F-A4-54-FC-7A-B3-25-34">
      <ModulePath>C:\Program Files\dotnet\sdk\3.1.101\Microsoft.Build.dll</ModulePath>
      <ModuleTime>2019-12-20T03:32:26Z</ModuleTime>
      <ModuleName>Microsoft.Build</ModuleName>
      <Classes />
    </Module>
    <Module skippedDueTo="Filter" hash="46-D5-F8-2E-9F-A9-78-CB-94-2A-A7-6D-1A-4D-01-4A-E0-12-4B-7F">
      <ModulePath>C:\Program Files\dotnet\shared\Microsoft.NETCore.App\3.1.1\System.Diagnostics.Debug.dll</ModulePath>
      <ModuleTime>2019-12-09T08:40:04Z</ModuleTime>
      <ModuleName>System.Diagnostics.Debug</ModuleName>
      <Classes />
    </Module>
    <Module skippedDueTo="Filter" hash="C2-47-82-F2-1A-DF-11-49-45-82-64-6E-9D-8A-93-CE-08-F1-9E-D9">
      <ModulePath>C:\Program Files\dotnet\shared\Microsoft.NETCore.App\3.1.1\System.Text.Encoding.CodePages.dll</ModulePath>
      <ModuleTime>2019-12-09T08:40:02Z</ModuleTime>
      <ModuleName>System.Text.Encoding.CodePages</ModuleName>
      <Classes />
    </Module>
    <Module skippedDueTo="Filter" hash="B0-17-92-AC-BB-F5-22-8A-22-BB-36-8A-C4-74-61-16-A1-F1-A5-17">
      <ModulePath>C:\Program Files\dotnet\shared\Microsoft.NETCore.App\3.1.1\System.Collections.Concurrent.dll</ModulePath>
      <ModuleTime>2019-12-09T08:39:56Z</ModuleTime>
      <ModuleName>System.Collections.Concurrent</ModuleName>
      <Classes />
    </Module>
    <Module skippedDueTo="Filter" hash="63-C0-E7-F4-80-B3-11-B1-AB-7C-EF-FC-73-87-8F-86-CE-D6-69-5D">
      <ModulePath>C:\Program Files\dotnet\sdk\3.1.101\dotnet.dll</ModulePath>
      <ModuleTime>2019-12-20T03:32:30Z</ModuleTime>
      <ModuleName>dotnet</ModuleName>
      <Classes />
    </Module>
    <Module skippedDueTo="Filter" hash="65-78-30-2B-C9-50-D2-0B-61-2A-D8-09-F8-73-A7-FD-B9-8D-8E-59">
      <ModulePath>C:\Program Files\dotnet\sdk\3.1.101\Microsoft.DotNet.Configurer.dll</ModulePath>
      <ModuleTime>2019-12-20T03:32:00Z</ModuleTime>
      <ModuleName>Microsoft.DotNet.Configurer</ModuleName>
      <Classes />
    </Module>
    <Module skippedDueTo="Filter" hash="1A-BF-9A-83-48-1A-09-B2-57-64-CE-83-07-87-20-FF-4D-9C-DA-85">
      <ModulePath>C:\Program Files\dotnet\sdk\3.1.101\Microsoft.DotNet.InternalAbstractions.dll</ModulePath>
      <ModuleTime>2019-12-20T03:32:00Z</ModuleTime>
      <ModuleName>Microsoft.DotNet.InternalAbstractions</ModuleName>
      <Classes />
    </Module>
    <Module skippedDueTo="Filter" hash="26-25-9F-9F-94-FF-13-F9-02-9C-57-75-C2-05-6B-4C-E9-36-A0-DD">
      <ModulePath>C:\Program Files\dotnet\sdk\3.1.101\Microsoft.DotNet.Cli.Utils.dll</ModulePath>
      <ModuleTime>2019-12-20T03:32:32Z</ModuleTime>
      <ModuleName>Microsoft.DotNet.Cli.Utils</ModuleName>
      <Classes />
    </Module>
    <Module skippedDueTo="Filter" hash="69-18-E7-81-40-A9-08-05-90-BE-FA-C1-21-57-65-71-A9-EA-DF-A1">
      <ModulePath>C:\Program Files\dotnet\sdk\3.1.101\Microsoft.ApplicationInsights.dll</ModulePath>
      <ModuleTime>2019-12-20T03:32:00Z</ModuleTime>
      <ModuleName>Microsoft.ApplicationInsights</ModuleName>
      <Classes />
    </Module>
    <Module skippedDueTo="Filter" hash="9A-B6-6B-F1-3A-E5-3C-24-16-36-C0-B2-CC-27-44-9B-73-D7-B7-58">
      <ModulePath>C:\Program Files\dotnet\shared\Microsoft.NETCore.App\3.1.1\System.Text.Encoding.Extensions.dll</ModulePath>
      <ModuleTime>2019-12-09T08:40:14Z</ModuleTime>
      <ModuleName>System.Text.Encoding.Extensions</ModuleName>
      <Classes />
    </Module>
    <Module skippedDueTo="Filter" hash="C4-93-DE-A7-BF-47-C1-77-13-D8-6B-BC-03-6A-0C-BB-0A-39-99-F9">
      <ModulePath>C:\Program Files\dotnet\sdk\3.1.101\Microsoft.DotNet.PlatformAbstractions.dll</ModulePath>
      <ModuleTime>2019-12-20T03:32:38Z</ModuleTime>
      <ModuleName>Microsoft.DotNet.PlatformAbstractions</ModuleName>
      <Classes />
    </Module>
    <Module skippedDueTo="Filter" hash="A1-DB-CA-49-E5-DE-15-8A-D1-27-A7-83-3B-06-C2-FD-AA-93-97-7F">
      <ModulePath>C:\Program Files\dotnet\shared\Microsoft.NETCore.App\3.1.1\System.Private.Uri.dll</ModulePath>
      <ModuleTime>2019-12-09T08:39:54Z</ModuleTime>
      <ModuleName>System.Private.Uri</ModuleName>
      <Classes />
    </Module>
    <Module skippedDueTo="Filter" hash="BE-9A-5D-A1-AA-13-AC-DA-D5-C1-FE-D2-21-5E-D6-EF-46-17-D8-BF">
      <ModulePath>C:\Program Files\dotnet\shared\Microsoft.NETCore.App\3.1.1\System.Runtime.CompilerServices.Unsafe.dll</ModulePath>
      <ModuleTime>2019-12-09T08:40:36Z</ModuleTime>
      <ModuleName>System.Runtime.CompilerServices.Unsafe</ModuleName>
      <Classes />
    </Module>
    <Module skippedDueTo="Filter" hash="6D-F9-F7-3E-29-9D-20-BD-2F-49-83-2B-B5-0E-C3-9A-24-10-C2-11">
      <ModulePath>C:\Program Files\dotnet\shared\Microsoft.NETCore.App\3.1.1\System.Reflection.Extensions.dll</ModulePath>
      <ModuleTime>2019-12-09T08:40:36Z</ModuleTime>
      <ModuleName>System.Reflection.Extensions</ModuleName>
      <Classes />
    </Module>
    <Module skippedDueTo="Filter" hash="F7-22-BE-C3-24-16-7D-05-4F-01-12-91-F4-A3-B7-24-B6-01-82-06">
      <ModulePath>C:\Program Files\dotnet\shared\Microsoft.NETCore.App\3.1.1\System.Reflection.dll</ModulePath>
      <ModuleTime>2019-12-09T08:40:34Z</ModuleTime>
      <ModuleName>System.Reflection</ModuleName>
      <Classes />
    </Module>
    <Module skippedDueTo="Filter" hash="F9-C8-60-94-E8-BB-9F-56-AB-FF-B7-9F-17-63-1D-7D-9A-8C-5D-90">
      <ModulePath>C:\Program Files\dotnet\shared\Microsoft.NETCore.App\3.1.1\System.Xml.XDocument.dll</ModulePath>
      <ModuleTime>2019-12-09T08:39:54Z</ModuleTime>
      <ModuleName>System.Xml.XDocument</ModuleName>
      <Classes />
    </Module>
    <Module skippedDueTo="Filter" hash="8C-61-4B-EA-81-E0-4A-28-1C-92-01-32-97-55-F9-35-20-1B-2E-63">
      <ModulePath>C:\Program Files\dotnet\shared\Microsoft.NETCore.App\3.1.1\System.Private.Xml.Linq.dll</ModulePath>
      <ModuleTime>2019-12-09T08:39:56Z</ModuleTime>
      <ModuleName>System.Private.Xml.Linq</ModuleName>
      <Classes />
    </Module>
    <Module skippedDueTo="Filter" hash="4B-23-3C-FB-2C-87-6B-C8-B9-B3-B0-3C-FE-2A-A6-B0-EA-C8-0B-A4">
      <ModulePath>C:\Program Files\dotnet\shared\Microsoft.NETCore.App\3.1.1\System.Threading.Thread.dll</ModulePath>
      <ModuleTime>2019-12-09T08:40:04Z</ModuleTime>
      <ModuleName>System.Threading.Thread</ModuleName>
      <Classes />
    </Module>
    <Module skippedDueTo="Filter" hash="76-B3-8B-2A-31-E1-F2-2D-97-5B-8E-92-73-70-7A-8F-72-E4-44-63">
      <ModulePath>C:\Program Files\dotnet\shared\Microsoft.NETCore.App\3.1.1\System.Private.Xml.dll</ModulePath>
      <ModuleTime>2019-12-09T08:39:56Z</ModuleTime>
      <ModuleName>System.Private.Xml</ModuleName>
      <Classes />
    </Module>
    <Module skippedDueTo="Filter" hash="1F-AD-B1-AA-7D-FE-11-BC-97-F6-46-27-D7-C8-F7-6D-53-4E-3A-41">
      <ModulePath>C:\Program Files\dotnet\shared\Microsoft.NETCore.App\3.1.1\System.Xml.ReaderWriter.dll</ModulePath>
      <ModuleTime>2019-12-09T08:40:26Z</ModuleTime>
      <ModuleName>System.Xml.ReaderWriter</ModuleName>
      <Classes />
    </Module>
    <Module skippedDueTo="Filter" hash="58-CE-28-9B-89-FC-5B-7D-F9-DF-DB-E2-82-9F-FB-C8-9A-65-2E-CD">
      <ModulePath>C:\Program Files\dotnet\shared\Microsoft.NETCore.App\3.1.1\System.Diagnostics.Tracing.dll</ModulePath>
      <ModuleTime>2019-12-09T08:40:34Z</ModuleTime>
      <ModuleName>System.Diagnostics.Tracing</ModuleName>
      <Classes />
    </Module>
    <Module skippedDueTo="Filter" hash="E8-BD-85-B9-4C-23-55-8C-87-8C-7C-65-E6-6E-D5-8C-53-F3-85-9E">
      <ModulePath>C:\Program Files\dotnet\shared\Microsoft.NETCore.App\3.1.1\System.Globalization.dll</ModulePath>
      <ModuleTime>2019-12-09T08:40:36Z</ModuleTime>
      <ModuleName>System.Globalization</ModuleName>
      <Classes />
    </Module>
    <Module skippedDueTo="Filter" hash="5A-27-05-54-A0-35-F2-7F-AC-DF-14-14-4A-15-65-C6-AA-E1-76-BD">
      <ModulePath>C:\Program Files\dotnet\shared\Microsoft.NETCore.App\3.1.1\System.Threading.Tasks.Dataflow.dll</ModulePath>
      <ModuleTime>2019-12-09T08:40:10Z</ModuleTime>
      <ModuleName>System.Threading.Tasks.Dataflow</ModuleName>
      <Classes />
    </Module>
    <Module skippedDueTo="Filter" hash="9C-AF-40-D7-E0-8E-7D-55-6A-EE-BE-9D-81-85-5F-70-4C-43-3E-8F">
      <ModulePath>C:\Program Files\dotnet\shared\Microsoft.NETCore.App\3.1.1\System.Security.Cryptography.Algorithms.dll</ModulePath>
      <ModuleTime>2019-12-09T08:40:02Z</ModuleTime>
      <ModuleName>System.Security.Cryptography.Algorithms</ModuleName>
      <Classes />
    </Module>
    <Module skippedDueTo="Filter" hash="C6-1E-E9-70-08-99-FC-7C-56-FD-99-EA-B2-77-BA-86-EC-00-3E-CD">
      <ModulePath>C:\Program Files\dotnet\shared\Microsoft.NETCore.App\3.1.1\System.Security.Cryptography.Primitives.dll</ModulePath>
      <ModuleTime>2019-12-09T08:40:06Z</ModuleTime>
      <ModuleName>System.Security.Cryptography.Primitives</ModuleName>
      <Classes />
    </Module>
    <Module skippedDueTo="Filter" hash="A4-79-06-40-D5-5F-A9-60-39-5B-4E-11-23-32-9B-D2-91-70-E6-9A">
      <ModulePath>C:\Program Files\dotnet\shared\Microsoft.NETCore.App\3.1.1\Microsoft.Win32.Registry.dll</ModulePath>
      <ModuleTime>2019-12-09T08:40:38Z</ModuleTime>
      <ModuleName>Microsoft.Win32.Registry</ModuleName>
      <Classes />
    </Module>
    <Module skippedDueTo="Filter" hash="67-B0-AA-21-34-86-26-B5-8A-2A-DE-BD-13-F6-E1-DC-C9-A6-C9-11">
      <ModulePath>C:\Program Files\dotnet\shared\Microsoft.NETCore.App\3.1.1\System.Resources.ResourceManager.dll</ModulePath>
      <ModuleTime>2019-12-09T08:39:56Z</ModuleTime>
      <ModuleName>System.Resources.ResourceManager</ModuleName>
      <Classes />
    </Module>
    <Module skippedDueTo="Filter" hash="C9-67-95-C3-1D-E0-BC-D8-9A-77-FC-8D-D6-CF-3B-AC-45-27-C1-E6">
      <ModulePath>C:\Program Files\dotnet\sdk\3.1.101\es\Microsoft.Build.resources.dll</ModulePath>
      <ModuleTime>2019-11-15T05:28:16Z</ModuleTime>
      <ModuleName>Microsoft.Build.resources</ModuleName>
      <Classes />
    </Module>
    <Module skippedDueTo="Filter" hash="58-2E-40-A4-98-FD-50-AE-64-F0-19-8E-9E-B2-4B-5A-67-66-01-7A">
      <ModulePath>C:\Program Files\dotnet\shared\Microsoft.NETCore.App\3.1.1\System.ObjectModel.dll</ModulePath>
      <ModuleTime>2019-12-09T08:39:54Z</ModuleTime>
      <ModuleName>System.ObjectModel</ModuleName>
      <Classes />
    </Module>
    <Module skippedDueTo="Filter" hash="C3-0D-A0-B1-74-3B-15-DF-A7-15-4C-96-D4-27-BF-FD-FE-00-A4-EB">
      <ModulePath>C:\Program Files\dotnet\shared\Microsoft.NETCore.App\3.1.1\System.Reflection.Emit.ILGeneration.dll</ModulePath>
      <ModuleTime>2019-12-09T08:40:34Z</ModuleTime>
      <ModuleName>System.Reflection.Emit.ILGeneration</ModuleName>
      <Classes />
    </Module>
    <Module skippedDueTo="Filter" hash="82-A4-6C-57-AF-AA-D5-30-07-87-6E-51-C8-AB-EB-02-D5-17-69-13">
      <ModulePath>C:\Program Files\dotnet\shared\Microsoft.NETCore.App\3.1.1\System.Reflection.Emit.Lightweight.dll</ModulePath>
      <ModuleTime>2019-12-09T08:40:00Z</ModuleTime>
      <ModuleName>System.Reflection.Emit.Lightweight</ModuleName>
      <Classes />
    </Module>
    <Module skippedDueTo="Filter" hash="49-18-F3-D0-44-80-34-0E-8A-59-5F-EC-4C-DE-3E-8A-19-82-A8-F2">
      <ModulePath>C:\Program Files\dotnet\shared\Microsoft.NETCore.App\3.1.1\System.Reflection.Primitives.dll</ModulePath>
      <ModuleTime>2019-12-09T08:40:04Z</ModuleTime>
      <ModuleName>System.Reflection.Primitives</ModuleName>
      <Classes />
    </Module>
    <Module skippedDueTo="Filter" hash="DA-DE-69-79-37-98-B1-CA-04-44-43-FE-4A-FD-E3-C9-B5-CC-19-CA">
      <ModulePath>C:\Program Files\dotnet\shared\Microsoft.NETCore.App\3.1.1\System.Collections.Immutable.dll</ModulePath>
      <ModuleTime>2019-12-09T08:40:34Z</ModuleTime>
      <ModuleName>System.Collections.Immutable</ModuleName>
      <Classes />
    </Module>
    <Module skippedDueTo="Filter" hash="D5-25-D8-6D-DE-16-5A-C7-FB-B9-80-19-52-8F-6A-37-88-78-DA-AA">
      <ModulePath>C:\Program Files\dotnet\shared\Microsoft.NETCore.App\3.1.1\System.Diagnostics.TraceSource.dll</ModulePath>
      <ModuleTime>2019-12-09T08:40:08Z</ModuleTime>
      <ModuleName>System.Diagnostics.TraceSource</ModuleName>
      <Classes />
    </Module>
    <Module skippedDueTo="Filter" hash="CA-E1-1E-4D-DA-23-E4-A5-C8-E9-7D-32-47-A9-F1-A1-B3-4A-CB-56">
      <ModulePath>C:\Program Files\dotnet\shared\Microsoft.NETCore.App\3.1.1\System.Threading.Tasks.Parallel.dll</ModulePath>
      <ModuleTime>2019-12-09T08:40:12Z</ModuleTime>
      <ModuleName>System.Threading.Tasks.Parallel</ModuleName>
      <Classes />
    </Module>
    <Module skippedDueTo="Filter" hash="5A-F8-9D-01-1A-FB-FD-64-79-EA-B5-A8-EF-E5-E8-2D-77-EA-B3-16">
      <ModulePath>C:\Program Files\dotnet\sdk\3.1.101\Microsoft.Build.Tasks.Core.dll</ModulePath>
      <ModuleTime>2019-12-20T03:32:24Z</ModuleTime>
      <ModuleName>Microsoft.Build.Tasks.Core</ModuleName>
      <Classes />
    </Module>
    <Module skippedDueTo="Filter" hash="3D-19-01-88-24-E9-C3-F4-11-53-CE-97-7B-54-B0-84-2E-70-AD-78">
      <ModulePath>C:\Program Files\dotnet\sdk\3.1.101\Microsoft.Build.Utilities.Core.dll</ModulePath>
      <ModuleTime>2019-12-20T03:32:00Z</ModuleTime>
      <ModuleName>Microsoft.Build.Utilities.Core</ModuleName>
      <Classes />
    </Module>
    <Module skippedDueTo="Filter" hash="D0-19-55-D0-8A-B2-7B-B3-66-1F-3B-1F-A8-96-4F-CE-E8-BD-7B-0D">
      <ModulePath>C:\Program Files\dotnet\sdk\3.1.101\NuGet.Build.Tasks.dll</ModulePath>
      <ModuleTime>2019-12-20T03:32:04Z</ModuleTime>
      <ModuleName>NuGet.Build.Tasks</ModuleName>
      <Classes />
    </Module>
    <Module skippedDueTo="Filter" hash="21-A3-E9-AB-05-16-E7-39-82-60-44-BC-2C-FD-79-4D-54-1B-84-D8">
      <ModulePath>C:\Program Files\dotnet\sdk\3.1.101\NuGet.Commands.dll</ModulePath>
      <ModuleTime>2019-12-20T03:32:38Z</ModuleTime>
      <ModuleName>NuGet.Commands</ModuleName>
      <Classes />
    </Module>
    <Module skippedDueTo="Filter" hash="46-3A-B1-67-B2-DC-96-7A-5C-03-7D-C0-C2-48-40-C5-56-DF-45-07">
      <ModulePath>C:\Program Files\dotnet\sdk\3.1.101\NuGet.Common.dll</ModulePath>
      <ModuleTime>2019-12-20T03:32:40Z</ModuleTime>
      <ModuleName>NuGet.Common</ModuleName>
      <Classes />
    </Module>
    <Module skippedDueTo="Filter" hash="49-AA-09-7E-08-21-F3-64-A1-95-BC-6F-B6-DA-5F-6A-14-4F-DC-60">
      <ModulePath>C:\Program Files\dotnet\shared\Microsoft.NETCore.App\3.1.1\System.Collections.NonGeneric.dll</ModulePath>
      <ModuleTime>2019-12-09T08:39:56Z</ModuleTime>
      <ModuleName>System.Collections.NonGeneric</ModuleName>
      <Classes />
    </Module>
    <Module skippedDueTo="Filter" hash="5A-53-4F-48-AF-B1-EB-60-21-87-B1-28-94-0A-4B-2D-BB-CE-B3-2D">
      <ModulePath>C:\Program Files\dotnet\shared\Microsoft.NETCore.App\3.1.1\Microsoft.Win32.Primitives.dll</ModulePath>
      <ModuleTime>2019-12-09T08:39:56Z</ModuleTime>
      <ModuleName>Microsoft.Win32.Primitives</ModuleName>
      <Classes />
    </Module>
    <Module skippedDueTo="Filter" hash="03-77-DB-FC-14-D5-51-16-64-85-02-C3-8C-75-4C-BB-2E-67-53-7B">
      <ModulePath>C:\Program Files\dotnet\shared\Microsoft.NETCore.App\3.1.1\System.Threading.ThreadPool.dll</ModulePath>
      <ModuleTime>2019-12-09T08:40:26Z</ModuleTime>
      <ModuleName>System.Threading.ThreadPool</ModuleName>
      <Classes />
    </Module>
    <Module skippedDueTo="Filter" hash="5D-AB-0B-4D-B4-3A-05-60-5D-4B-D5-E7-76-AC-94-65-12-35-7E-1D">
      <ModulePath>C:\Program Files\dotnet\shared\Microsoft.NETCore.App\3.1.1\System.IO.Pipes.dll</ModulePath>
      <ModuleTime>2019-12-09T08:40:04Z</ModuleTime>
      <ModuleName>System.IO.Pipes</ModuleName>
      <Classes />
    </Module>
    <Module skippedDueTo="Filter" hash="F2-A4-B7-B1-47-C0-9D-C3-B6-28-9C-2B-4B-F6-C4-95-9C-10-D8-94">
      <ModulePath>C:\Program Files\dotnet\shared\Microsoft.NETCore.App\3.1.1\System.Security.Principal.dll</ModulePath>
      <ModuleTime>2019-12-09T08:40:08Z</ModuleTime>
      <ModuleName>System.Security.Principal</ModuleName>
      <Classes />
    </Module>
    <Module skippedDueTo="Filter" hash="20-E4-29-5C-AD-EA-20-F7-EB-91-43-9A-0D-AC-E8-1B-3C-49-6C-40">
      <ModulePath>C:\Program Files\dotnet\shared\Microsoft.NETCore.App\3.1.1\System.Runtime.Loader.dll</ModulePath>
      <ModuleTime>2019-12-09T08:40:00Z</ModuleTime>
      <ModuleName>System.Runtime.Loader</ModuleName>
      <Classes />
    </Module>
    <Module skippedDueTo="Filter" hash="09-5A-50-52-B3-D3-BF-96-3C-DC-65-14-23-03-98-36-D3-FC-10-BE">
      <ModulePath>C:\Program Files\dotnet\sdk\3.1.101\Microsoft.Build.NuGetSdkResolver.dll</ModulePath>
      <ModuleTime>2019-12-20T03:32:04Z</ModuleTime>
      <ModuleName>Microsoft.Build.NuGetSdkResolver</ModuleName>
      <Classes />
    </Module>
    <Module skippedDueTo="Filter" hash="3C-59-C2-6B-84-93-30-BB-4B-C0-AC-50-87-5F-19-3A-20-8F-92-34">
      <ModulePath>C:\Program Files\dotnet\shared\Microsoft.NETCore.App\3.1.1\System.Diagnostics.FileVersionInfo.dll</ModulePath>
      <ModuleTime>2019-12-09T08:40:00Z</ModuleTime>
      <ModuleName>System.Diagnostics.FileVersionInfo</ModuleName>
      <Classes />
    </Module>
    <Module skippedDueTo="Filter" hash="25-0E-0B-AF-7D-43-95-8D-D9-26-1D-B6-F1-DD-43-B7-E1-0A-0F-B4">
      <ModulePath>C:\Program Files\dotnet\shared\Microsoft.NETCore.App\3.1.1\System.ComponentModel.dll</ModulePath>
      <ModuleTime>2019-12-09T08:40:34Z</ModuleTime>
      <ModuleName>System.ComponentModel</ModuleName>
      <Classes />
    </Module>
    <Module skippedDueTo="Filter" hash="23-8C-45-0B-A6-E1-AC-BC-02-65-71-CD-F7-1B-E7-CD-B0-77-DB-8D">
      <ModulePath>C:\Program Files\dotnet\shared\Microsoft.NETCore.App\3.1.1\System.Net.Requests.dll</ModulePath>
      <ModuleTime>2019-12-09T08:39:58Z</ModuleTime>
      <ModuleName>System.Net.Requests</ModuleName>
      <Classes />
    </Module>
    <Module skippedDueTo="Filter" hash="29-55-21-6F-D0-BC-A0-9F-72-8F-B8-5E-11-57-89-2C-FD-D8-11-99">
      <ModulePath>C:\Program Files\dotnet\shared\Microsoft.NETCore.App\3.1.1\System.Net.NetworkInformation.dll</ModulePath>
      <ModuleTime>2019-12-09T08:40:10Z</ModuleTime>
      <ModuleName>System.Net.NetworkInformation</ModuleName>
      <Classes />
    </Module>
    <Module skippedDueTo="Filter" hash="BA-A1-94-4D-72-3E-EF-49-B2-32-E7-EE-9F-B3-FC-AD-62-1A-F8-91">
      <ModulePath>C:\Program Files\dotnet\shared\Microsoft.NETCore.App\3.1.1\System.Private.CoreLib.dll</ModulePath>
      <ModuleTime>2019-12-07T21:40:56Z</ModuleTime>
      <ModuleName>System.Private.CoreLib</ModuleName>
      <Classes />
    </Module>
    <Module skippedDueTo="Filter" hash="2F-64-93-42-DC-03-FB-18-D6-2C-17-CE-34-4A-A1-1C-E2-29-83-40">
      <ModulePath>C:\Program Files\dotnet\sdk\3.1.101\MSBuild.dll</ModulePath>
      <ModuleTime>2019-12-20T03:31:42Z</ModuleTime>
      <ModuleName>MSBuild</ModuleName>
      <Classes />
    </Module>
    <Module skippedDueTo="Filter" hash="7A-56-D1-54-BC-15-85-39-DA-17-17-FE-FB-38-15-4B-78-98-E5-80">
      <ModulePath>C:\Program Files\dotnet\shared\Microsoft.NETCore.App\3.1.1\System.Runtime.dll</ModulePath>
      <ModuleTime>2019-12-09T08:39:56Z</ModuleTime>
      <ModuleName>System.Runtime</ModuleName>
      <Classes />
    </Module>
    <Module skippedDueTo="Filter" hash="58-49-87-1F-73-BC-F4-63-E6-DC-16-9A-68-00-73-51-18-DF-4D-63">
      <ModulePath>C:\Program Files\dotnet\shared\Microsoft.NETCore.App\3.1.1\System.Runtime.Extensions.dll</ModulePath>
      <ModuleTime>2019-12-09T08:40:00Z</ModuleTime>
      <ModuleName>System.Runtime.Extensions</ModuleName>
      <Classes />
    </Module>
    <Module skippedDueTo="Filter" hash="A8-3F-3B-0D-FE-3C-B9-36-6E-33-0B-C3-CA-EE-8E-8A-E1-10-2A-F2">
      <ModulePath>C:\Program Files\dotnet\shared\Microsoft.NETCore.App\3.1.1\System.Threading.dll</ModulePath>
      <ModuleTime>2019-12-09T08:40:12Z</ModuleTime>
      <ModuleName>System.Threading</ModuleName>
      <Classes />
    </Module>
    <Module skippedDueTo="Filter" hash="F9-64-1E-55-2D-9C-5D-82-69-A6-84-14-0D-0F-D7-44-B3-5C-A7-06">
      <ModulePath>C:\Program Files\dotnet\shared\Microsoft.NETCore.App\3.1.1\System.Threading.Tasks.dll</ModulePath>
      <ModuleTime>2019-12-09T08:40:34Z</ModuleTime>
      <ModuleName>System.Threading.Tasks</ModuleName>
      <Classes />
    </Module>
    <Module skippedDueTo="Filter" hash="CE-5F-A9-D3-D8-4F-06-37-AE-9B-FA-4F-E5-3E-1E-03-B4-77-86-78">
      <ModulePath>C:\Program Files\dotnet\shared\Microsoft.NETCore.App\3.1.1\System.Runtime.InteropServices.RuntimeInformation.dll</ModulePath>
      <ModuleTime>2019-12-09T08:39:58Z</ModuleTime>
      <ModuleName>System.Runtime.InteropServices.RuntimeInformation</ModuleName>
      <Classes />
    </Module>
    <Module skippedDueTo="Filter" hash="73-45-14-55-A4-8E-EC-0A-1B-35-EF-E2-6D-BF-6C-6B-96-DA-7F-24">
      <ModulePath>C:\Program Files\dotnet\shared\Microsoft.NETCore.App\3.1.1\System.Diagnostics.Process.dll</ModulePath>
      <ModuleTime>2019-12-09T08:40:02Z</ModuleTime>
      <ModuleName>System.Diagnostics.Process</ModuleName>
      <Classes />
    </Module>
    <Module skippedDueTo="Filter" hash="9B-E9-31-17-1E-42-BF-69-F2-8E-74-6B-F8-6B-B7-D7-F7-77-11-7F">
      <ModulePath>C:\Program Files\dotnet\shared\Microsoft.NETCore.App\3.1.1\System.ComponentModel.Primitives.dll</ModulePath>
      <ModuleTime>2019-12-09T08:39:58Z</ModuleTime>
      <ModuleName>System.ComponentModel.Primitives</ModuleName>
      <Classes />
    </Module>
    <Module skippedDueTo="Filter" hash="01-21-D0-71-7C-59-2D-58-68-0F-75-5A-8C-11-80-8D-31-48-DB-B4">
      <ModulePath>C:\Program Files\dotnet\shared\Microsoft.NETCore.App\3.1.1\System.Linq.dll</ModulePath>
      <ModuleTime>2019-12-09T08:40:04Z</ModuleTime>
      <ModuleName>System.Linq</ModuleName>
      <Classes />
    </Module>
    <Module skippedDueTo="Filter" hash="0A-2F-ED-78-BD-C3-89-28-67-8C-34-6A-6A-42-E0-93-AB-02-7C-5A">
      <ModulePath>C:\Program Files\dotnet\shared\Microsoft.NETCore.App\3.1.1\System.Text.RegularExpressions.dll</ModulePath>
      <ModuleTime>2019-12-09T08:40:36Z</ModuleTime>
      <ModuleName>System.Text.RegularExpressions</ModuleName>
      <Classes />
    </Module>
    <Module skippedDueTo="Filter" hash="7F-B3-05-BA-78-7B-90-86-20-73-A9-0B-A4-53-AD-F9-35-89-0E-88">
      <ModulePath>C:\Program Files\dotnet\shared\Microsoft.NETCore.App\3.1.1\System.Collections.dll</ModulePath>
      <ModuleTime>2019-12-09T08:40:36Z</ModuleTime>
      <ModuleName>System.Collections</ModuleName>
      <Classes />
    </Module>
    <Module skippedDueTo="Filter" hash="02-FD-78-B1-DD-78-9E-C7-C1-D1-B6-B0-23-9A-FB-A3-98-A6-F6-E5">
      <ModulePath>C:\Program Files\dotnet\shared\Microsoft.NETCore.App\3.1.1\System.Memory.dll</ModulePath>
      <ModuleTime>2019-12-09T08:40:08Z</ModuleTime>
      <ModuleName>System.Memory</ModuleName>
      <Classes />
    </Module>
    <Module skippedDueTo="Filter" hash="FC-88-C2-48-B1-32-80-2D-6A-AC-48-B8-59-A8-F8-B0-DC-CC-A4-DB">
      <ModulePath>C:\Program Files\dotnet\shared\Microsoft.NETCore.App\3.1.1\System.Buffers.dll</ModulePath>
      <ModuleTime>2019-12-09T08:39:58Z</ModuleTime>
      <ModuleName>System.Buffers</ModuleName>
      <Classes />
    </Module>
    <Module skippedDueTo="Filter" hash="6F-7C-BF-2C-C9-E7-07-66-16-9B-21-61-19-B6-01-F5-33-81-C0-88">
      <ModulePath>C:\Program Files\dotnet\shared\Microsoft.NETCore.App\3.1.1\System.IO.FileSystem.dll</ModulePath>
      <ModuleTime>2019-12-09T08:40:06Z</ModuleTime>
      <ModuleName>System.IO.FileSystem</ModuleName>
      <Classes />
    </Module>
    <Module skippedDueTo="Filter" hash="54-E5-A6-FF-F6-8C-6A-7D-CE-D2-2A-BF-D5-6B-67-60-2D-88-A0-A6">
      <ModulePath>C:\Program Files\dotnet\shared\Microsoft.NETCore.App\3.1.1\System.Runtime.InteropServices.dll</ModulePath>
      <ModuleTime>2019-12-09T08:40:02Z</ModuleTime>
      <ModuleName>System.Runtime.InteropServices</ModuleName>
      <Classes />
    </Module>
    <Module skippedDueTo="Filter" hash="8F-66-CA-16-CB-91-DB-F4-6A-EC-BC-C3-07-99-05-F9-D2-D5-32-A7">
      <ModulePath>C:\Program Files\dotnet\shared\Microsoft.NETCore.App\3.1.1\System.Console.dll</ModulePath>
      <ModuleTime>2019-12-09T08:39:56Z</ModuleTime>
      <ModuleName>System.Console</ModuleName>
      <Classes />
    </Module>
    <Module skippedDueTo="Filter" hash="9A-83-5A-B5-87-CC-A8-C7-79-AC-67-E5-CA-0D-81-86-66-93-37-22">
      <ModulePath>C:\Program Files\dotnet\sdk\3.1.101\Microsoft.Build.Framework.dll</ModulePath>
      <ModuleTime>2019-12-20T03:32:24Z</ModuleTime>
      <ModuleName>Microsoft.Build.Framework</ModuleName>
      <Classes />
    </Module>
    <Module skippedDueTo="Filter" hash="2C-30-02-8C-B1-A2-1B-A0-1A-27-A6-24-3D-61-D5-E6-96-9D-4C-D8">
      <ModulePath>C:\Program Files\dotnet\shared\Microsoft.NETCore.App\3.1.1\netstandard.dll</ModulePath>
      <ModuleTime>2019-12-09T08:39:56Z</ModuleTime>
      <ModuleName>netstandard</ModuleName>
      <Classes />
    </Module>
    <Module skippedDueTo="Filter" hash="43-C9-D7-7F-9D-1E-19-77-9E-9E-DF-3E-3F-A4-54-FC-7A-B3-25-34">
      <ModulePath>C:\Program Files\dotnet\sdk\3.1.101\Microsoft.Build.dll</ModulePath>
      <ModuleTime>2019-12-20T03:32:26Z</ModuleTime>
      <ModuleName>Microsoft.Build</ModuleName>
      <Classes />
    </Module>
    <Module skippedDueTo="Filter" hash="46-D5-F8-2E-9F-A9-78-CB-94-2A-A7-6D-1A-4D-01-4A-E0-12-4B-7F">
      <ModulePath>C:\Program Files\dotnet\shared\Microsoft.NETCore.App\3.1.1\System.Diagnostics.Debug.dll</ModulePath>
      <ModuleTime>2019-12-09T08:40:04Z</ModuleTime>
      <ModuleName>System.Diagnostics.Debug</ModuleName>
      <Classes />
    </Module>
    <Module skippedDueTo="Filter" hash="C2-47-82-F2-1A-DF-11-49-45-82-64-6E-9D-8A-93-CE-08-F1-9E-D9">
      <ModulePath>C:\Program Files\dotnet\shared\Microsoft.NETCore.App\3.1.1\System.Text.Encoding.CodePages.dll</ModulePath>
      <ModuleTime>2019-12-09T08:40:02Z</ModuleTime>
      <ModuleName>System.Text.Encoding.CodePages</ModuleName>
      <Classes />
    </Module>
    <Module skippedDueTo="Filter" hash="B0-17-92-AC-BB-F5-22-8A-22-BB-36-8A-C4-74-61-16-A1-F1-A5-17">
      <ModulePath>C:\Program Files\dotnet\shared\Microsoft.NETCore.App\3.1.1\System.Collections.Concurrent.dll</ModulePath>
      <ModuleTime>2019-12-09T08:39:56Z</ModuleTime>
      <ModuleName>System.Collections.Concurrent</ModuleName>
      <Classes />
    </Module>
    <Module skippedDueTo="Filter" hash="5D-AB-0B-4D-B4-3A-05-60-5D-4B-D5-E7-76-AC-94-65-12-35-7E-1D">
      <ModulePath>C:\Program Files\dotnet\shared\Microsoft.NETCore.App\3.1.1\System.IO.Pipes.dll</ModulePath>
      <ModuleTime>2019-12-09T08:40:04Z</ModuleTime>
      <ModuleName>System.IO.Pipes</ModuleName>
      <Classes />
    </Module>
    <Module skippedDueTo="Filter" hash="9A-B6-6B-F1-3A-E5-3C-24-16-36-C0-B2-CC-27-44-9B-73-D7-B7-58">
      <ModulePath>C:\Program Files\dotnet\shared\Microsoft.NETCore.App\3.1.1\System.Text.Encoding.Extensions.dll</ModulePath>
      <ModuleTime>2019-12-09T08:40:14Z</ModuleTime>
      <ModuleName>System.Text.Encoding.Extensions</ModuleName>
      <Classes />
    </Module>
    <Module skippedDueTo="Filter" hash="5B-60-45-56-D8-E4-3B-37-2B-94-6A-E2-2C-4F-EA-D1-38-B9-75-0D">
      <ModulePath>C:\Program Files\dotnet\shared\Microsoft.NETCore.App\3.1.1\System.Security.AccessControl.dll</ModulePath>
      <ModuleTime>2019-12-09T08:40:02Z</ModuleTime>
      <ModuleName>System.Security.AccessControl</ModuleName>
      <Classes />
    </Module>
    <Module skippedDueTo="Filter" hash="60-34-DF-B5-BF-6D-A3-2D-41-D2-11-56-0C-B6-52-0C-51-E7-A8-70">
      <ModulePath>C:\Program Files\dotnet\shared\Microsoft.NETCore.App\3.1.1\System.Security.Principal.Windows.dll</ModulePath>
      <ModuleTime>2019-12-09T08:40:06Z</ModuleTime>
      <ModuleName>System.Security.Principal.Windows</ModuleName>
      <Classes />
    </Module>
    <Module skippedDueTo="Filter" hash="73-50-8C-32-9F-B0-51-50-40-3F-4F-AF-67-9D-C7-02-44-E1-7C-A2">
      <ModulePath>C:\Program Files\dotnet\shared\Microsoft.NETCore.App\3.1.1\System.Security.Claims.dll</ModulePath>
      <ModuleTime>2019-12-09T08:40:36Z</ModuleTime>
      <ModuleName>System.Security.Claims</ModuleName>
      <Classes />
    </Module>
    <Module skippedDueTo="Filter" hash="F2-A4-B7-B1-47-C0-9D-C3-B6-28-9C-2B-4B-F6-C4-95-9C-10-D8-94">
      <ModulePath>C:\Program Files\dotnet\shared\Microsoft.NETCore.App\3.1.1\System.Security.Principal.dll</ModulePath>
      <ModuleTime>2019-12-09T08:40:08Z</ModuleTime>
      <ModuleName>System.Security.Principal</ModuleName>
      <Classes />
    </Module>
    <Module skippedDueTo="Filter" hash="95-BF-E0-EF-5B-E7-8C-85-01-46-96-EC-75-69-2F-30-93-7C-60-35">
      <ModulePath>C:\Program Files\dotnet\shared\Microsoft.NETCore.App\3.1.1\System.Threading.Overlapped.dll</ModulePath>
      <ModuleTime>2019-12-09T08:40:10Z</ModuleTime>
      <ModuleName>System.Threading.Overlapped</ModuleName>
      <Classes />
    </Module>
    <Module skippedDueTo="Filter" hash="95-BF-E0-EF-5B-E7-8C-85-01-46-96-EC-75-69-2F-30-93-7C-60-35">
      <ModulePath>C:\Program Files\dotnet\shared\Microsoft.NETCore.App\3.1.1\System.Threading.Overlapped.dll</ModulePath>
      <ModuleTime>2019-12-09T08:40:10Z</ModuleTime>
      <ModuleName>System.Threading.Overlapped</ModuleName>
      <Classes />
    </Module>
    <Module skippedDueTo="Filter" hash="4B-23-3C-FB-2C-87-6B-C8-B9-B3-B0-3C-FE-2A-A6-B0-EA-C8-0B-A4">
      <ModulePath>C:\Program Files\dotnet\shared\Microsoft.NETCore.App\3.1.1\System.Threading.Thread.dll</ModulePath>
      <ModuleTime>2019-12-09T08:40:04Z</ModuleTime>
      <ModuleName>System.Threading.Thread</ModuleName>
      <Classes />
    </Module>
    <Module skippedDueTo="Filter" hash="5B-60-45-56-D8-E4-3B-37-2B-94-6A-E2-2C-4F-EA-D1-38-B9-75-0D">
      <ModulePath>C:\Program Files\dotnet\shared\Microsoft.NETCore.App\3.1.1\System.Security.AccessControl.dll</ModulePath>
      <ModuleTime>2019-12-09T08:40:02Z</ModuleTime>
      <ModuleName>System.Security.AccessControl</ModuleName>
      <Classes />
    </Module>
    <Module skippedDueTo="Filter" hash="60-34-DF-B5-BF-6D-A3-2D-41-D2-11-56-0C-B6-52-0C-51-E7-A8-70">
      <ModulePath>C:\Program Files\dotnet\shared\Microsoft.NETCore.App\3.1.1\System.Security.Principal.Windows.dll</ModulePath>
      <ModuleTime>2019-12-09T08:40:06Z</ModuleTime>
      <ModuleName>System.Security.Principal.Windows</ModuleName>
      <Classes />
    </Module>
    <Module skippedDueTo="Filter" hash="73-50-8C-32-9F-B0-51-50-40-3F-4F-AF-67-9D-C7-02-44-E1-7C-A2">
      <ModulePath>C:\Program Files\dotnet\shared\Microsoft.NETCore.App\3.1.1\System.Security.Claims.dll</ModulePath>
      <ModuleTime>2019-12-09T08:40:36Z</ModuleTime>
      <ModuleName>System.Security.Claims</ModuleName>
      <Classes />
    </Module>
    <Module skippedDueTo="Filter" hash="58-2E-40-A4-98-FD-50-AE-64-F0-19-8E-9E-B2-4B-5A-67-66-01-7A">
      <ModulePath>C:\Program Files\dotnet\shared\Microsoft.NETCore.App\3.1.1\System.ObjectModel.dll</ModulePath>
      <ModuleTime>2019-12-09T08:39:54Z</ModuleTime>
      <ModuleName>System.ObjectModel</ModuleName>
      <Classes />
    </Module>
    <Module skippedDueTo="Filter" hash="5A-27-05-54-A0-35-F2-7F-AC-DF-14-14-4A-15-65-C6-AA-E1-76-BD">
      <ModulePath>C:\Program Files\dotnet\shared\Microsoft.NETCore.App\3.1.1\System.Threading.Tasks.Dataflow.dll</ModulePath>
      <ModuleTime>2019-12-09T08:40:10Z</ModuleTime>
      <ModuleName>System.Threading.Tasks.Dataflow</ModuleName>
      <Classes />
    </Module>
    <Module skippedDueTo="Filter" hash="58-CE-28-9B-89-FC-5B-7D-F9-DF-DB-E2-82-9F-FB-C8-9A-65-2E-CD">
      <ModulePath>C:\Program Files\dotnet\shared\Microsoft.NETCore.App\3.1.1\System.Diagnostics.Tracing.dll</ModulePath>
      <ModuleTime>2019-12-09T08:40:34Z</ModuleTime>
      <ModuleName>System.Diagnostics.Tracing</ModuleName>
      <Classes />
    </Module>
    <Module skippedDueTo="Filter" hash="BD-8E-D5-66-41-3B-CC-DE-52-F7-A6-63-3B-98-76-23-3C-72-59-18">
      <ModulePath>C:\Program Files\dotnet\shared\Microsoft.NETCore.App\3.1.1\System.Diagnostics.DiagnosticSource.dll</ModulePath>
      <ModuleTime>2019-12-09T08:40:36Z</ModuleTime>
      <ModuleName>System.Diagnostics.DiagnosticSource</ModuleName>
      <Classes />
    </Module>
    <Module skippedDueTo="Filter" hash="63-C0-E7-F4-80-B3-11-B1-AB-7C-EF-FC-73-87-8F-86-CE-D6-69-5D">
      <ModulePath>C:\Program Files\dotnet\sdk\3.1.101\dotnet.dll</ModulePath>
      <ModuleTime>2019-12-20T03:32:30Z</ModuleTime>
      <ModuleName>dotnet</ModuleName>
      <Classes />
    </Module>
    <Module skippedDueTo="Filter" hash="65-78-30-2B-C9-50-D2-0B-61-2A-D8-09-F8-73-A7-FD-B9-8D-8E-59">
      <ModulePath>C:\Program Files\dotnet\sdk\3.1.101\Microsoft.DotNet.Configurer.dll</ModulePath>
      <ModuleTime>2019-12-20T03:32:00Z</ModuleTime>
      <ModuleName>Microsoft.DotNet.Configurer</ModuleName>
      <Classes />
    </Module>
    <Module skippedDueTo="Filter" hash="67-B0-AA-21-34-86-26-B5-8A-2A-DE-BD-13-F6-E1-DC-C9-A6-C9-11">
      <ModulePath>C:\Program Files\dotnet\shared\Microsoft.NETCore.App\3.1.1\System.Resources.ResourceManager.dll</ModulePath>
      <ModuleTime>2019-12-09T08:39:56Z</ModuleTime>
      <ModuleName>System.Resources.ResourceManager</ModuleName>
      <Classes />
    </Module>
    <Module skippedDueTo="Filter" hash="5D-87-E8-9C-AD-E0-CD-8D-80-D6-09-41-BD-4A-7B-BC-5F-20-2E-5E">
      <ModulePath>C:\Program Files\dotnet\shared\Microsoft.NETCore.App\3.1.1\System.Threading.Timer.dll</ModulePath>
      <ModuleTime>2019-12-09T08:39:54Z</ModuleTime>
      <ModuleName>System.Threading.Timer</ModuleName>
      <Classes />
    </Module>
    <Module skippedDueTo="Filter" hash="C9-67-95-C3-1D-E0-BC-D8-9A-77-FC-8D-D6-CF-3B-AC-45-27-C1-E6">
      <ModulePath>C:\Program Files\dotnet\sdk\3.1.101\es\Microsoft.Build.resources.dll</ModulePath>
      <ModuleTime>2019-11-15T05:28:16Z</ModuleTime>
      <ModuleName>Microsoft.Build.resources</ModuleName>
      <Classes />
    </Module>
    <Module skippedDueTo="Filter" hash="C7-D3-F3-7A-48-47-11-9F-C2-F9-13-66-EA-B5-D6-3D-55-B9-84-22">
      <ModulePath>C:\Program Files\dotnet\shared\Microsoft.NETCore.App\3.1.1\System.Net.Sockets.dll</ModulePath>
      <ModuleTime>2019-12-09T08:39:58Z</ModuleTime>
      <ModuleName>System.Net.Sockets</ModuleName>
      <Classes />
    </Module>
    <Module skippedDueTo="Filter" hash="95-BF-E0-EF-5B-E7-8C-85-01-46-96-EC-75-69-2F-30-93-7C-60-35">
      <ModulePath>C:\Program Files\dotnet\shared\Microsoft.NETCore.App\3.1.1\System.Threading.Overlapped.dll</ModulePath>
      <ModuleTime>2019-12-09T08:40:10Z</ModuleTime>
      <ModuleName>System.Threading.Overlapped</ModuleName>
      <Classes />
    </Module>
    <Module skippedDueTo="Filter" hash="87-F8-C6-FF-25-C3-3B-82-BB-F1-23-76-08-22-22-37-9C-C7-7D-DC">
      <ModulePath>C:\Program Files\dotnet\shared\Microsoft.NETCore.App\3.1.1\System.Net.NameResolution.dll</ModulePath>
      <ModuleTime>2019-12-09T08:40:38Z</ModuleTime>
      <ModuleName>System.Net.NameResolution</ModuleName>
      <Classes />
    </Module>
    <Module skippedDueTo="Filter" hash="60-34-DF-B5-BF-6D-A3-2D-41-D2-11-56-0C-B6-52-0C-51-E7-A8-70">
      <ModulePath>C:\Program Files\dotnet\shared\Microsoft.NETCore.App\3.1.1\System.Security.Principal.Windows.dll</ModulePath>
      <ModuleTime>2019-12-09T08:40:06Z</ModuleTime>
      <ModuleName>System.Security.Principal.Windows</ModuleName>
      <Classes />
    </Module>
    <Module skippedDueTo="Filter" hash="73-50-8C-32-9F-B0-51-50-40-3F-4F-AF-67-9D-C7-02-44-E1-7C-A2">
      <ModulePath>C:\Program Files\dotnet\shared\Microsoft.NETCore.App\3.1.1\System.Security.Claims.dll</ModulePath>
      <ModuleTime>2019-12-09T08:40:36Z</ModuleTime>
      <ModuleName>System.Security.Claims</ModuleName>
      <Classes />
    </Module>
    <Module skippedDueTo="Filter" hash="F2-A4-B7-B1-47-C0-9D-C3-B6-28-9C-2B-4B-F6-C4-95-9C-10-D8-94">
      <ModulePath>C:\Program Files\dotnet\shared\Microsoft.NETCore.App\3.1.1\System.Security.Principal.dll</ModulePath>
      <ModuleTime>2019-12-09T08:40:08Z</ModuleTime>
      <ModuleName>System.Security.Principal</ModuleName>
      <Classes />
    </Module>
    <Module skippedDueTo="Filter" hash="03-77-DB-FC-14-D5-51-16-64-85-02-C3-8C-75-4C-BB-2E-67-53-7B">
      <ModulePath>C:\Program Files\dotnet\shared\Microsoft.NETCore.App\3.1.1\System.Threading.ThreadPool.dll</ModulePath>
      <ModuleTime>2019-12-09T08:40:26Z</ModuleTime>
      <ModuleName>System.Threading.ThreadPool</ModuleName>
      <Classes />
    </Module>
    <Module skippedDueTo="Filter" hash="8A-4D-83-7F-AA-13-3E-66-2D-46-E1-9A-90-2F-28-2B-4E-22-71-E0">
      <ModulePath>C:\Program Files\dotnet\shared\Microsoft.NETCore.App\3.1.1\System.Security.Cryptography.Encoding.dll</ModulePath>
      <ModuleTime>2019-12-09T08:40:12Z</ModuleTime>
      <ModuleName>System.Security.Cryptography.Encoding</ModuleName>
      <Classes />
    </Module>
    <Module skippedDueTo="Filter" hash="BA-A1-94-4D-72-3E-EF-49-B2-32-E7-EE-9F-B3-FC-AD-62-1A-F8-91">
      <ModulePath>C:\Program Files\dotnet\shared\Microsoft.NETCore.App\3.1.1\System.Private.CoreLib.dll</ModulePath>
      <ModuleTime>2019-12-07T21:40:56Z</ModuleTime>
      <ModuleName>System.Private.CoreLib</ModuleName>
      <Classes />
    </Module>
    <Module skippedDueTo="Filter" hash="2F-64-93-42-DC-03-FB-18-D6-2C-17-CE-34-4A-A1-1C-E2-29-83-40">
      <ModulePath>C:\Program Files\dotnet\sdk\3.1.101\MSBuild.dll</ModulePath>
      <ModuleTime>2019-12-20T03:31:42Z</ModuleTime>
      <ModuleName>MSBuild</ModuleName>
      <Classes />
    </Module>
    <Module skippedDueTo="Filter" hash="7A-56-D1-54-BC-15-85-39-DA-17-17-FE-FB-38-15-4B-78-98-E5-80">
      <ModulePath>C:\Program Files\dotnet\shared\Microsoft.NETCore.App\3.1.1\System.Runtime.dll</ModulePath>
      <ModuleTime>2019-12-09T08:39:56Z</ModuleTime>
      <ModuleName>System.Runtime</ModuleName>
      <Classes />
    </Module>
    <Module skippedDueTo="Filter" hash="58-49-87-1F-73-BC-F4-63-E6-DC-16-9A-68-00-73-51-18-DF-4D-63">
      <ModulePath>C:\Program Files\dotnet\shared\Microsoft.NETCore.App\3.1.1\System.Runtime.Extensions.dll</ModulePath>
      <ModuleTime>2019-12-09T08:40:00Z</ModuleTime>
      <ModuleName>System.Runtime.Extensions</ModuleName>
      <Classes />
    </Module>
    <Module skippedDueTo="Filter" hash="A8-3F-3B-0D-FE-3C-B9-36-6E-33-0B-C3-CA-EE-8E-8A-E1-10-2A-F2">
      <ModulePath>C:\Program Files\dotnet\shared\Microsoft.NETCore.App\3.1.1\System.Threading.dll</ModulePath>
      <ModuleTime>2019-12-09T08:40:12Z</ModuleTime>
      <ModuleName>System.Threading</ModuleName>
      <Classes />
    </Module>
    <Module skippedDueTo="Filter" hash="F9-64-1E-55-2D-9C-5D-82-69-A6-84-14-0D-0F-D7-44-B3-5C-A7-06">
      <ModulePath>C:\Program Files\dotnet\shared\Microsoft.NETCore.App\3.1.1\System.Threading.Tasks.dll</ModulePath>
      <ModuleTime>2019-12-09T08:40:34Z</ModuleTime>
      <ModuleName>System.Threading.Tasks</ModuleName>
      <Classes />
    </Module>
    <Module skippedDueTo="Filter" hash="CE-5F-A9-D3-D8-4F-06-37-AE-9B-FA-4F-E5-3E-1E-03-B4-77-86-78">
      <ModulePath>C:\Program Files\dotnet\shared\Microsoft.NETCore.App\3.1.1\System.Runtime.InteropServices.RuntimeInformation.dll</ModulePath>
      <ModuleTime>2019-12-09T08:39:58Z</ModuleTime>
      <ModuleName>System.Runtime.InteropServices.RuntimeInformation</ModuleName>
      <Classes />
    </Module>
    <Module skippedDueTo="Filter" hash="73-45-14-55-A4-8E-EC-0A-1B-35-EF-E2-6D-BF-6C-6B-96-DA-7F-24">
      <ModulePath>C:\Program Files\dotnet\shared\Microsoft.NETCore.App\3.1.1\System.Diagnostics.Process.dll</ModulePath>
      <ModuleTime>2019-12-09T08:40:02Z</ModuleTime>
      <ModuleName>System.Diagnostics.Process</ModuleName>
      <Classes />
    </Module>
    <Module skippedDueTo="Filter" hash="9B-E9-31-17-1E-42-BF-69-F2-8E-74-6B-F8-6B-B7-D7-F7-77-11-7F">
      <ModulePath>C:\Program Files\dotnet\shared\Microsoft.NETCore.App\3.1.1\System.ComponentModel.Primitives.dll</ModulePath>
      <ModuleTime>2019-12-09T08:39:58Z</ModuleTime>
      <ModuleName>System.ComponentModel.Primitives</ModuleName>
      <Classes />
    </Module>
    <Module skippedDueTo="Filter" hash="01-21-D0-71-7C-59-2D-58-68-0F-75-5A-8C-11-80-8D-31-48-DB-B4">
      <ModulePath>C:\Program Files\dotnet\shared\Microsoft.NETCore.App\3.1.1\System.Linq.dll</ModulePath>
      <ModuleTime>2019-12-09T08:40:04Z</ModuleTime>
      <ModuleName>System.Linq</ModuleName>
      <Classes />
    </Module>
    <Module skippedDueTo="Filter" hash="0A-2F-ED-78-BD-C3-89-28-67-8C-34-6A-6A-42-E0-93-AB-02-7C-5A">
      <ModulePath>C:\Program Files\dotnet\shared\Microsoft.NETCore.App\3.1.1\System.Text.RegularExpressions.dll</ModulePath>
      <ModuleTime>2019-12-09T08:40:36Z</ModuleTime>
      <ModuleName>System.Text.RegularExpressions</ModuleName>
      <Classes />
    </Module>
    <Module skippedDueTo="Filter" hash="7F-B3-05-BA-78-7B-90-86-20-73-A9-0B-A4-53-AD-F9-35-89-0E-88">
      <ModulePath>C:\Program Files\dotnet\shared\Microsoft.NETCore.App\3.1.1\System.Collections.dll</ModulePath>
      <ModuleTime>2019-12-09T08:40:36Z</ModuleTime>
      <ModuleName>System.Collections</ModuleName>
      <Classes />
    </Module>
    <Module skippedDueTo="Filter" hash="02-FD-78-B1-DD-78-9E-C7-C1-D1-B6-B0-23-9A-FB-A3-98-A6-F6-E5">
      <ModulePath>C:\Program Files\dotnet\shared\Microsoft.NETCore.App\3.1.1\System.Memory.dll</ModulePath>
      <ModuleTime>2019-12-09T08:40:08Z</ModuleTime>
      <ModuleName>System.Memory</ModuleName>
      <Classes />
    </Module>
    <Module skippedDueTo="Filter" hash="FC-88-C2-48-B1-32-80-2D-6A-AC-48-B8-59-A8-F8-B0-DC-CC-A4-DB">
      <ModulePath>C:\Program Files\dotnet\shared\Microsoft.NETCore.App\3.1.1\System.Buffers.dll</ModulePath>
      <ModuleTime>2019-12-09T08:39:58Z</ModuleTime>
      <ModuleName>System.Buffers</ModuleName>
      <Classes />
    </Module>
    <Module skippedDueTo="Filter" hash="6F-7C-BF-2C-C9-E7-07-66-16-9B-21-61-19-B6-01-F5-33-81-C0-88">
      <ModulePath>C:\Program Files\dotnet\shared\Microsoft.NETCore.App\3.1.1\System.IO.FileSystem.dll</ModulePath>
      <ModuleTime>2019-12-09T08:40:06Z</ModuleTime>
      <ModuleName>System.IO.FileSystem</ModuleName>
      <Classes />
    </Module>
    <Module skippedDueTo="Filter" hash="54-E5-A6-FF-F6-8C-6A-7D-CE-D2-2A-BF-D5-6B-67-60-2D-88-A0-A6">
      <ModulePath>C:\Program Files\dotnet\shared\Microsoft.NETCore.App\3.1.1\System.Runtime.InteropServices.dll</ModulePath>
      <ModuleTime>2019-12-09T08:40:02Z</ModuleTime>
      <ModuleName>System.Runtime.InteropServices</ModuleName>
      <Classes />
    </Module>
    <Module skippedDueTo="Filter" hash="8F-66-CA-16-CB-91-DB-F4-6A-EC-BC-C3-07-99-05-F9-D2-D5-32-A7">
      <ModulePath>C:\Program Files\dotnet\shared\Microsoft.NETCore.App\3.1.1\System.Console.dll</ModulePath>
      <ModuleTime>2019-12-09T08:39:56Z</ModuleTime>
      <ModuleName>System.Console</ModuleName>
      <Classes />
    </Module>
    <Module skippedDueTo="Filter" hash="9A-83-5A-B5-87-CC-A8-C7-79-AC-67-E5-CA-0D-81-86-66-93-37-22">
      <ModulePath>C:\Program Files\dotnet\sdk\3.1.101\Microsoft.Build.Framework.dll</ModulePath>
      <ModuleTime>2019-12-20T03:32:24Z</ModuleTime>
      <ModuleName>Microsoft.Build.Framework</ModuleName>
      <Classes />
    </Module>
    <Module skippedDueTo="Filter" hash="2C-30-02-8C-B1-A2-1B-A0-1A-27-A6-24-3D-61-D5-E6-96-9D-4C-D8">
      <ModulePath>C:\Program Files\dotnet\shared\Microsoft.NETCore.App\3.1.1\netstandard.dll</ModulePath>
      <ModuleTime>2019-12-09T08:39:56Z</ModuleTime>
      <ModuleName>netstandard</ModuleName>
      <Classes />
    </Module>
    <Module skippedDueTo="Filter" hash="43-C9-D7-7F-9D-1E-19-77-9E-9E-DF-3E-3F-A4-54-FC-7A-B3-25-34">
      <ModulePath>C:\Program Files\dotnet\sdk\3.1.101\Microsoft.Build.dll</ModulePath>
      <ModuleTime>2019-12-20T03:32:26Z</ModuleTime>
      <ModuleName>Microsoft.Build</ModuleName>
      <Classes />
    </Module>
    <Module skippedDueTo="Filter" hash="46-D5-F8-2E-9F-A9-78-CB-94-2A-A7-6D-1A-4D-01-4A-E0-12-4B-7F">
      <ModulePath>C:\Program Files\dotnet\shared\Microsoft.NETCore.App\3.1.1\System.Diagnostics.Debug.dll</ModulePath>
      <ModuleTime>2019-12-09T08:40:04Z</ModuleTime>
      <ModuleName>System.Diagnostics.Debug</ModuleName>
      <Classes />
    </Module>
    <Module skippedDueTo="Filter" hash="C2-47-82-F2-1A-DF-11-49-45-82-64-6E-9D-8A-93-CE-08-F1-9E-D9">
      <ModulePath>C:\Program Files\dotnet\shared\Microsoft.NETCore.App\3.1.1\System.Text.Encoding.CodePages.dll</ModulePath>
      <ModuleTime>2019-12-09T08:40:02Z</ModuleTime>
      <ModuleName>System.Text.Encoding.CodePages</ModuleName>
      <Classes />
    </Module>
    <Module skippedDueTo="Filter" hash="B0-17-92-AC-BB-F5-22-8A-22-BB-36-8A-C4-74-61-16-A1-F1-A5-17">
      <ModulePath>C:\Program Files\dotnet\shared\Microsoft.NETCore.App\3.1.1\System.Collections.Concurrent.dll</ModulePath>
      <ModuleTime>2019-12-09T08:39:56Z</ModuleTime>
      <ModuleName>System.Collections.Concurrent</ModuleName>
      <Classes />
    </Module>
    <Module skippedDueTo="Filter" hash="5D-AB-0B-4D-B4-3A-05-60-5D-4B-D5-E7-76-AC-94-65-12-35-7E-1D">
      <ModulePath>C:\Program Files\dotnet\shared\Microsoft.NETCore.App\3.1.1\System.IO.Pipes.dll</ModulePath>
      <ModuleTime>2019-12-09T08:40:04Z</ModuleTime>
      <ModuleName>System.IO.Pipes</ModuleName>
      <Classes />
    </Module>
    <Module skippedDueTo="Filter" hash="9A-B6-6B-F1-3A-E5-3C-24-16-36-C0-B2-CC-27-44-9B-73-D7-B7-58">
      <ModulePath>C:\Program Files\dotnet\shared\Microsoft.NETCore.App\3.1.1\System.Text.Encoding.Extensions.dll</ModulePath>
      <ModuleTime>2019-12-09T08:40:14Z</ModuleTime>
      <ModuleName>System.Text.Encoding.Extensions</ModuleName>
      <Classes />
    </Module>
    <Module skippedDueTo="Filter" hash="5B-60-45-56-D8-E4-3B-37-2B-94-6A-E2-2C-4F-EA-D1-38-B9-75-0D">
      <ModulePath>C:\Program Files\dotnet\shared\Microsoft.NETCore.App\3.1.1\System.Security.AccessControl.dll</ModulePath>
      <ModuleTime>2019-12-09T08:40:02Z</ModuleTime>
      <ModuleName>System.Security.AccessControl</ModuleName>
      <Classes />
    </Module>
    <Module skippedDueTo="Filter" hash="60-34-DF-B5-BF-6D-A3-2D-41-D2-11-56-0C-B6-52-0C-51-E7-A8-70">
      <ModulePath>C:\Program Files\dotnet\shared\Microsoft.NETCore.App\3.1.1\System.Security.Principal.Windows.dll</ModulePath>
      <ModuleTime>2019-12-09T08:40:06Z</ModuleTime>
      <ModuleName>System.Security.Principal.Windows</ModuleName>
      <Classes />
    </Module>
    <Module skippedDueTo="Filter" hash="73-50-8C-32-9F-B0-51-50-40-3F-4F-AF-67-9D-C7-02-44-E1-7C-A2">
      <ModulePath>C:\Program Files\dotnet\shared\Microsoft.NETCore.App\3.1.1\System.Security.Claims.dll</ModulePath>
      <ModuleTime>2019-12-09T08:40:36Z</ModuleTime>
      <ModuleName>System.Security.Claims</ModuleName>
      <Classes />
    </Module>
    <Module skippedDueTo="Filter" hash="F2-A4-B7-B1-47-C0-9D-C3-B6-28-9C-2B-4B-F6-C4-95-9C-10-D8-94">
      <ModulePath>C:\Program Files\dotnet\shared\Microsoft.NETCore.App\3.1.1\System.Security.Principal.dll</ModulePath>
      <ModuleTime>2019-12-09T08:40:08Z</ModuleTime>
      <ModuleName>System.Security.Principal</ModuleName>
      <Classes />
    </Module>
    <Module skippedDueTo="Filter" hash="95-BF-E0-EF-5B-E7-8C-85-01-46-96-EC-75-69-2F-30-93-7C-60-35">
      <ModulePath>C:\Program Files\dotnet\shared\Microsoft.NETCore.App\3.1.1\System.Threading.Overlapped.dll</ModulePath>
      <ModuleTime>2019-12-09T08:40:10Z</ModuleTime>
      <ModuleName>System.Threading.Overlapped</ModuleName>
      <Classes />
    </Module>
    <Module skippedDueTo="Filter" hash="4B-23-3C-FB-2C-87-6B-C8-B9-B3-B0-3C-FE-2A-A6-B0-EA-C8-0B-A4">
      <ModulePath>C:\Program Files\dotnet\shared\Microsoft.NETCore.App\3.1.1\System.Threading.Thread.dll</ModulePath>
      <ModuleTime>2019-12-09T08:40:04Z</ModuleTime>
      <ModuleName>System.Threading.Thread</ModuleName>
      <Classes />
    </Module>
    <Module skippedDueTo="Filter" hash="58-2E-40-A4-98-FD-50-AE-64-F0-19-8E-9E-B2-4B-5A-67-66-01-7A">
      <ModulePath>C:\Program Files\dotnet\shared\Microsoft.NETCore.App\3.1.1\System.ObjectModel.dll</ModulePath>
      <ModuleTime>2019-12-09T08:39:54Z</ModuleTime>
      <ModuleName>System.ObjectModel</ModuleName>
      <Classes />
    </Module>
    <Module skippedDueTo="Filter" hash="5A-27-05-54-A0-35-F2-7F-AC-DF-14-14-4A-15-65-C6-AA-E1-76-BD">
      <ModulePath>C:\Program Files\dotnet\shared\Microsoft.NETCore.App\3.1.1\System.Threading.Tasks.Dataflow.dll</ModulePath>
      <ModuleTime>2019-12-09T08:40:10Z</ModuleTime>
      <ModuleName>System.Threading.Tasks.Dataflow</ModuleName>
      <Classes />
    </Module>
    <Module skippedDueTo="Filter" hash="58-CE-28-9B-89-FC-5B-7D-F9-DF-DB-E2-82-9F-FB-C8-9A-65-2E-CD">
      <ModulePath>C:\Program Files\dotnet\shared\Microsoft.NETCore.App\3.1.1\System.Diagnostics.Tracing.dll</ModulePath>
      <ModuleTime>2019-12-09T08:40:34Z</ModuleTime>
      <ModuleName>System.Diagnostics.Tracing</ModuleName>
      <Classes />
    </Module>
    <Module skippedDueTo="Filter" hash="63-C0-E7-F4-80-B3-11-B1-AB-7C-EF-FC-73-87-8F-86-CE-D6-69-5D">
      <ModulePath>C:\Program Files\dotnet\sdk\3.1.101\dotnet.dll</ModulePath>
      <ModuleTime>2019-12-20T03:32:30Z</ModuleTime>
      <ModuleName>dotnet</ModuleName>
      <Classes />
    </Module>
    <Module skippedDueTo="Filter" hash="65-78-30-2B-C9-50-D2-0B-61-2A-D8-09-F8-73-A7-FD-B9-8D-8E-59">
      <ModulePath>C:\Program Files\dotnet\sdk\3.1.101\Microsoft.DotNet.Configurer.dll</ModulePath>
      <ModuleTime>2019-12-20T03:32:00Z</ModuleTime>
      <ModuleName>Microsoft.DotNet.Configurer</ModuleName>
      <Classes />
    </Module>
    <Module skippedDueTo="Filter" hash="67-B0-AA-21-34-86-26-B5-8A-2A-DE-BD-13-F6-E1-DC-C9-A6-C9-11">
      <ModulePath>C:\Program Files\dotnet\shared\Microsoft.NETCore.App\3.1.1\System.Resources.ResourceManager.dll</ModulePath>
      <ModuleTime>2019-12-09T08:39:56Z</ModuleTime>
      <ModuleName>System.Resources.ResourceManager</ModuleName>
      <Classes />
    </Module>
    <Module skippedDueTo="Filter" hash="C9-67-95-C3-1D-E0-BC-D8-9A-77-FC-8D-D6-CF-3B-AC-45-27-C1-E6">
      <ModulePath>C:\Program Files\dotnet\sdk\3.1.101\es\Microsoft.Build.resources.dll</ModulePath>
      <ModuleTime>2019-11-15T05:28:16Z</ModuleTime>
      <ModuleName>Microsoft.Build.resources</ModuleName>
      <Classes />
    </Module>
    <Module skippedDueTo="Filter" hash="BA-A1-94-4D-72-3E-EF-49-B2-32-E7-EE-9F-B3-FC-AD-62-1A-F8-91">
[...]
      <ModulePath>C:\Program Files\dotnet\shared\Microsoft.NETCore.App\3.1.1\System.Net.WebHeaderCollection.dll</ModulePath>
      <ModuleTime>2019-12-09T08:40:36Z</ModuleTime>
      <ModuleName>System.Net.WebHeaderCollection</ModuleName>
      <Classes />
    </Module>
    <Module skippedDueTo="Filter" hash="DA-90-7F-1C-7A-17-CD-D2-25-0D-1D-92-36-6B-F3-0D-F5-1B-41-40">
      <ModulePath>C:\Program Files\dotnet\shared\Microsoft.NETCore.App\3.1.1\System.Net.WebProxy.dll</ModulePath>
      <ModuleTime>2019-12-09T08:40:00Z</ModuleTime>
      <ModuleName>System.Net.WebProxy</ModuleName>
      <Classes />
    </Module>
    <Module skippedDueTo="Filter" hash="CA-6A-B5-20-E9-AD-D6-BD-9F-CF-F9-FD-68-F6-EA-E0-B4-4B-AA-EF">
      <ModulePath>C:\Program Files\dotnet\shared\Microsoft.NETCore.App\3.1.1\System.Net.WebSockets.Client.dll</ModulePath>
      <ModuleTime>2019-12-09T08:40:38Z</ModuleTime>
      <ModuleName>System.Net.WebSockets.Client</ModuleName>
      <Classes />
    </Module>
    <Module skippedDueTo="Filter" hash="1F-4A-97-A4-59-F2-40-7E-BC-F0-FC-22-A0-06-66-6B-53-37-FC-9F">
      <ModulePath>C:\Program Files\dotnet\shared\Microsoft.NETCore.App\3.1.1\System.Net.dll</ModulePath>
      <ModuleTime>2019-12-09T08:40:06Z</ModuleTime>
      <ModuleName>System.Net</ModuleName>
      <Classes />
    </Module>
    <Module skippedDueTo="Filter" hash="92-BA-53-E7-E1-15-AB-FA-47-F7-C9-76-E0-A3-56-9F-E4-39-43-15">
      <ModulePath>C:\Program Files\dotnet\shared\Microsoft.NETCore.App\3.1.1\System.Numerics.Vectors.dll</ModulePath>
      <ModuleTime>2019-12-09T08:39:58Z</ModuleTime>
      <ModuleName>System.Numerics.Vectors</ModuleName>
      <Classes />
    </Module>
    <Module skippedDueTo="Filter" hash="CB-3D-B2-4F-1D-FB-0A-DA-2F-8C-6C-DE-BB-EC-AF-07-90-2E-E8-38">
      <ModulePath>C:\Program Files\dotnet\shared\Microsoft.NETCore.App\3.1.1\System.Numerics.dll</ModulePath>
      <ModuleTime>2019-12-09T08:39:54Z</ModuleTime>
      <ModuleName>System.Numerics</ModuleName>
      <Classes />
    </Module>
    <Module skippedDueTo="Filter" hash="A9-DF-70-18-E4-FE-F0-01-A6-98-7B-5C-06-10-0C-4B-42-D1-6A-F6">
      <ModulePath>C:\Program Files\dotnet\shared\Microsoft.NETCore.App\3.1.1\System.Private.DataContractSerialization.dll</ModulePath>
      <ModuleTime>2019-12-09T08:40:38Z</ModuleTime>
      <ModuleName>System.Private.DataContractSerialization</ModuleName>
      <Classes />
    </Module>
    <Module skippedDueTo="Filter" hash="86-B1-73-54-BB-D7-A4-D1-62-B4-C7-A9-E4-8A-9B-96-68-88-8D-AE">
      <ModulePath>C:\Program Files\dotnet\shared\Microsoft.NETCore.App\3.1.1\System.Reflection.DispatchProxy.dll</ModulePath>
      <ModuleTime>2019-12-09T08:40:36Z</ModuleTime>
      <ModuleName>System.Reflection.DispatchProxy</ModuleName>
      <Classes />
    </Module>
    <Module skippedDueTo="Filter" hash="C2-42-54-77-18-FE-3E-E2-AE-9A-1E-87-6C-70-F3-6B-7B-52-D6-04">
      <ModulePath>C:\Program Files\dotnet\shared\Microsoft.NETCore.App\3.1.1\System.Reflection.Emit.dll</ModulePath>
      <ModuleTime>2019-12-09T08:39:54Z</ModuleTime>
      <ModuleName>System.Reflection.Emit</ModuleName>
      <Classes />
    </Module>
    <Module skippedDueTo="Filter" hash="D5-FD-40-D5-3C-21-21-76-69-39-6C-17-6B-E5-ED-ED-D6-5F-1B-D4">
      <ModulePath>C:\Program Files\dotnet\shared\Microsoft.NETCore.App\3.1.1\System.Resources.Reader.dll</ModulePath>
      <ModuleTime>2019-12-09T08:39:56Z</ModuleTime>
      <ModuleName>System.Resources.Reader</ModuleName>
      <Classes />
    </Module>
    <Module skippedDueTo="Filter" hash="1C-6B-A4-E4-58-80-C0-83-19-67-1A-37-F5-AF-45-CD-82-06-9D-31">
      <ModulePath>C:\Program Files\dotnet\shared\Microsoft.NETCore.App\3.1.1\System.Resources.Writer.dll</ModulePath>
      <ModuleTime>2019-12-09T08:40:02Z</ModuleTime>
      <ModuleName>System.Resources.Writer</ModuleName>
      <Classes />
    </Module>
    <Module skippedDueTo="Filter" hash="BE-9A-5D-A1-AA-13-AC-DA-D5-C1-FE-D2-21-5E-D6-EF-46-17-D8-BF">
      <ModulePath>C:\Program Files\dotnet\shared\Microsoft.NETCore.App\3.1.1\System.Runtime.CompilerServices.Unsafe.dll</ModulePath>
      <ModuleTime>2019-12-09T08:40:36Z</ModuleTime>
      <ModuleName>System.Runtime.CompilerServices.Unsafe</ModuleName>
      <Classes />
    </Module>
    <Module skippedDueTo="Filter" hash="78-88-35-60-8D-18-59-C4-B0-0D-8D-19-46-43-3E-B9-66-61-7E-A7">
      <ModulePath>C:\Program Files\dotnet\shared\Microsoft.NETCore.App\3.1.1\System.Runtime.CompilerServices.VisualC.dll</ModulePath>
      <ModuleTime>2019-12-09T08:39:56Z</ModuleTime>
      <ModuleName>System.Runtime.CompilerServices.VisualC</ModuleName>
      <Classes />
    </Module>
    <Module skippedDueTo="Filter" hash="5F-82-C0-78-3D-EC-C1-2D-08-CF-76-39-27-E5-E8-C2-35-E6-99-51">
      <ModulePath>C:\Program Files\dotnet\shared\Microsoft.NETCore.App\3.1.1\System.Runtime.Handles.dll</ModulePath>
      <ModuleTime>2019-12-09T08:40:08Z</ModuleTime>
      <ModuleName>System.Runtime.Handles</ModuleName>
      <Classes />
    </Module>
    <Module skippedDueTo="Filter" hash="9E-DD-CE-17-1F-DF-16-67-C9-0E-95-5F-70-42-72-89-07-0B-A1-12">
      <ModulePath>C:\Program Files\dotnet\shared\Microsoft.NETCore.App\3.1.1\System.Runtime.InteropServices.WindowsRuntime.dll</ModulePath>
      <ModuleTime>2019-12-09T08:40:38Z</ModuleTime>
      <ModuleName>System.Runtime.InteropServices.WindowsRuntime</ModuleName>
      <Classes />
    </Module>
    <Module skippedDueTo="Filter" hash="75-57-47-6A-27-EE-08-F1-2E-6C-84-7E-2D-08-E3-B6-17-BB-B6-51">
      <ModulePath>C:\Program Files\dotnet\shared\Microsoft.NETCore.App\3.1.1\System.Runtime.Intrinsics.dll</ModulePath>
      <ModuleTime>2019-12-09T08:40:04Z</ModuleTime>
      <ModuleName>System.Runtime.Intrinsics</ModuleName>
      <Classes />
    </Module>
    <Module skippedDueTo="Filter" hash="98-61-0B-75-C8-30-E0-AD-6C-F8-89-F2-13-CA-1B-A4-AC-29-7A-6C">
      <ModulePath>C:\Program Files\dotnet\shared\Microsoft.NETCore.App\3.1.1\System.Runtime.Serialization.Formatters.dll</ModulePath>
      <ModuleTime>2019-12-09T08:40:36Z</ModuleTime>
      <ModuleName>System.Runtime.Serialization.Formatters</ModuleName>
      <Classes />
    </Module>
    <Module skippedDueTo="Filter" hash="3F-60-80-B6-DC-79-52-3D-EA-E3-9D-14-47-2C-8F-8F-44-37-CD-B6">
      <ModulePath>C:\Program Files\dotnet\shared\Microsoft.NETCore.App\3.1.1\System.Runtime.Serialization.Json.dll</ModulePath>
      <ModuleTime>2019-12-09T08:40:10Z</ModuleTime>
      <ModuleName>System.Runtime.Serialization.Json</ModuleName>
      <Classes />
    </Module>
    <Module skippedDueTo="Filter" hash="ED-F7-FF-ED-BC-0A-E1-FC-10-01-2A-72-E4-8C-47-14-34-4D-61-89">
      <ModulePath>C:\Program Files\dotnet\shared\Microsoft.NETCore.App\3.1.1\System.Runtime.Serialization.Xml.dll</ModulePath>
      <ModuleTime>2019-12-09T08:40:00Z</ModuleTime>
      <ModuleName>System.Runtime.Serialization.Xml</ModuleName>
      <Classes />
    </Module>
    <Module skippedDueTo="Filter" hash="E8-95-9B-43-F7-BE-BC-07-F2-E9-AE-94-04-4D-66-47-9A-AA-12-3D">
      <ModulePath>C:\Program Files\dotnet\shared\Microsoft.NETCore.App\3.1.1\System.Runtime.Serialization.dll</ModulePath>
      <ModuleTime>2019-12-09T08:40:36Z</ModuleTime>
      <ModuleName>System.Runtime.Serialization</ModuleName>
      <Classes />
    </Module>
    <Module skippedDueTo="Filter" hash="68-12-D9-21-D4-E2-E4-72-4D-EB-57-4A-D3-17-E4-6C-EF-81-72-86">
      <ModulePath>C:\Program Files\dotnet\shared\Microsoft.NETCore.App\3.1.1\System.Runtime.WindowsRuntime.UI.Xaml.dll</ModulePath>
      <ModuleTime>2019-12-09T08:40:36Z</ModuleTime>
      <ModuleName>System.Runtime.WindowsRuntime.UI.Xaml</ModuleName>
      <Classes />
    </Module>
    <Module skippedDueTo="Filter" hash="E4-3D-8C-D3-19-21-36-48-F3-97-37-CF-1F-DD-11-B2-32-4E-30-82">
      <ModulePath>C:\Program Files\dotnet\shared\Microsoft.NETCore.App\3.1.1\System.Runtime.WindowsRuntime.dll</ModulePath>
      <ModuleTime>2019-12-09T08:40:10Z</ModuleTime>
      <ModuleName>System.Runtime.WindowsRuntime</ModuleName>
      <Classes />
    </Module>
    <Module skippedDueTo="Filter" hash="68-54-09-32-5C-E9-10-45-83-05-45-02-A1-83-B5-BA-EB-32-81-BF">
      <ModulePath>C:\WINDOWS\system32\WinMetadata\Windows.Foundation.winmd</ModulePath>
      <ModuleTime>2018-04-11T23:33:58.3946014Z</ModuleTime>
      <ModuleName>Windows.Foundation</ModuleName>
      <Classes />
    </Module>
    <Module skippedDueTo="Filter" hash="7D-53-C6-C6-6C-18-A9-6B-E3-0F-06-AE-7B-94-E0-73-F0-3A-8E-CA">
      <ModulePath>C:\WINDOWS\system32\WinMetadata\Windows.Storage.winmd</ModulePath>
      <ModuleTime>2018-04-11T23:33:58.3946014Z</ModuleTime>
      <ModuleName>Windows.Storage</ModuleName>
      <Classes />
    </Module>
    <Module skippedDueTo="Filter" hash="8A-4D-83-7F-AA-13-3E-66-2D-46-E1-9A-90-2F-28-2B-4E-22-71-E0">
      <ModulePath>C:\Program Files\dotnet\shared\Microsoft.NETCore.App\3.1.1\System.Security.Cryptography.Encoding.dll</ModulePath>
      <ModuleTime>2019-12-09T08:40:12Z</ModuleTime>
      <ModuleName>System.Security.Cryptography.Encoding</ModuleName>
      <Classes />
    </Module>
    <Module skippedDueTo="Filter" hash="C6-1E-E9-70-08-99-FC-7C-56-FD-99-EA-B2-77-BA-86-EC-00-3E-CD">
      <ModulePath>C:\Program Files\dotnet\shared\Microsoft.NETCore.App\3.1.1\System.Security.Cryptography.Primitives.dll</ModulePath>
      <ModuleTime>2019-12-09T08:40:06Z</ModuleTime>
      <ModuleName>System.Security.Cryptography.Primitives</ModuleName>
      <Classes />
    </Module>
    <Module skippedDueTo="Filter" hash="51-55-78-03-A4-46-E7-B8-BA-A6-12-58-4E-CC-9C-30-65-93-4E-BC">
      <ModulePath>C:\Program Files\dotnet\shared\Microsoft.NETCore.App\3.1.1\System.Security.Cryptography.Cng.dll</ModulePath>
      <ModuleTime>2019-12-09T08:40:08Z</ModuleTime>
      <ModuleName>System.Security.Cryptography.Cng</ModuleName>
      <Classes />
    </Module>
    <Module skippedDueTo="Filter" hash="99-02-95-E4-ED-1F-ED-31-46-EC-29-CC-A7-F6-64-06-2D-16-A4-71">
      <ModulePath>C:\Program Files\dotnet\shared\Microsoft.NETCore.App\3.1.1\System.Security.Cryptography.Csp.dll</ModulePath>
      <ModuleTime>2019-12-09T08:40:04Z</ModuleTime>
      <ModuleName>System.Security.Cryptography.Csp</ModuleName>
      <Classes />
    </Module>
    <Module skippedDueTo="Filter" hash="49-E5-65-51-B5-39-73-BF-2F-A7-8C-F1-A3-9E-DA-E7-32-9D-02-8A">
      <ModulePath>C:\Program Files\dotnet\shared\Microsoft.NETCore.App\3.1.1\System.Security.Cryptography.OpenSsl.dll</ModulePath>
      <ModuleTime>2019-12-09T08:40:38Z</ModuleTime>
      <ModuleName>System.Security.Cryptography.OpenSsl</ModuleName>
      <Classes />
    </Module>
    <Module skippedDueTo="Filter" hash="F9-65-32-74-D3-33-0C-F8-F2-DC-8E-8D-21-A2-FB-1D-39-E8-2D-B9">
      <ModulePath>C:\Program Files\dotnet\shared\Microsoft.NETCore.App\3.1.1\System.Security.SecureString.dll</ModulePath>
      <ModuleTime>2019-12-09T08:40:06Z</ModuleTime>
      <ModuleName>System.Security.SecureString</ModuleName>
      <Classes />
    </Module>
    <Module skippedDueTo="Filter" hash="48-EC-33-BF-D5-C4-CC-7D-5B-C1-CD-2D-CA-3A-9A-8E-2B-8E-F6-59">
      <ModulePath>C:\Program Files\dotnet\shared\Microsoft.NETCore.App\3.1.1\System.Security.dll</ModulePath>
      <ModuleTime>2019-12-09T08:40:12Z</ModuleTime>
      <ModuleName>System.Security</ModuleName>
      <Classes />
    </Module>
    <Module skippedDueTo="Filter" hash="DE-14-90-35-20-FE-46-74-25-FA-6B-5C-B8-0D-BF-9C-A8-8F-23-87">
      <ModulePath>C:\Program Files\dotnet\shared\Microsoft.NETCore.App\3.1.1\System.ServiceModel.Web.dll</ModulePath>
      <ModuleTime>2019-12-09T08:40:12Z</ModuleTime>
      <ModuleName>System.ServiceModel.Web</ModuleName>
      <Classes />
    </Module>
    <Module skippedDueTo="Filter" hash="62-E3-11-D7-66-19-48-9C-2C-DA-46-7C-3B-34-71-3A-6C-7C-2F-8B">
      <ModulePath>C:\Program Files\dotnet\shared\Microsoft.NETCore.App\3.1.1\System.ServiceProcess.dll</ModulePath>
      <ModuleTime>2019-12-09T08:40:08Z</ModuleTime>
      <ModuleName>System.ServiceProcess</ModuleName>
      <Classes />
    </Module>
    <Module skippedDueTo="Filter" hash="C2-47-82-F2-1A-DF-11-49-45-82-64-6E-9D-8A-93-CE-08-F1-9E-D9">
      <ModulePath>C:\Program Files\dotnet\shared\Microsoft.NETCore.App\3.1.1\System.Text.Encoding.CodePages.dll</ModulePath>
      <ModuleTime>2019-12-09T08:40:02Z</ModuleTime>
      <ModuleName>System.Text.Encoding.CodePages</ModuleName>
      <Classes />
    </Module>
    <Module skippedDueTo="Filter" hash="38-60-88-15-1A-12-66-65-4C-5D-BA-6D-05-AD-1C-4F-10-09-9B-EF">
      <ModulePath>C:\Program Files\dotnet\shared\Microsoft.NETCore.App\3.1.1\System.Text.Encodings.Web.dll</ModulePath>
      <ModuleTime>2019-12-09T08:40:04Z</ModuleTime>
      <ModuleName>System.Text.Encodings.Web</ModuleName>
      <Classes />
    </Module>
    <Module skippedDueTo="Filter" hash="B3-EF-49-CE-72-BC-72-30-16-64-3F-F6-65-73-C2-FC-8C-8D-62-30">
      <ModulePath>C:\Program Files\dotnet\shared\Microsoft.NETCore.App\3.1.1\System.Text.Json.dll</ModulePath>
      <ModuleTime>2019-12-09T08:40:04Z</ModuleTime>
      <ModuleName>System.Text.Json</ModuleName>
      <Classes />
    </Module>
    <Module skippedDueTo="Filter" hash="35-51-68-D2-60-CB-41-7D-46-95-48-B6-7E-BB-9F-97-A4-2D-90-C7">
      <ModulePath>C:\Program Files\dotnet\shared\Microsoft.NETCore.App\3.1.1\System.Threading.Channels.dll</ModulePath>
      <ModuleTime>2019-12-09T08:40:08Z</ModuleTime>
      <ModuleName>System.Threading.Channels</ModuleName>
      <Classes />
    </Module>
    <Module skippedDueTo="Filter" hash="5A-27-05-54-A0-35-F2-7F-AC-DF-14-14-4A-15-65-C6-AA-E1-76-BD">
      <ModulePath>C:\Program Files\dotnet\shared\Microsoft.NETCore.App\3.1.1\System.Threading.Tasks.Dataflow.dll</ModulePath>
      <ModuleTime>2019-12-09T08:40:10Z</ModuleTime>
      <ModuleName>System.Threading.Tasks.Dataflow</ModuleName>
      <Classes />
    </Module>
    <Module skippedDueTo="Filter" hash="67-30-0C-C5-4F-88-16-9B-7E-2A-A6-2B-0C-4E-90-F9-84-ED-58-1E">
      <ModulePath>C:\Program Files\dotnet\shared\Microsoft.NETCore.App\3.1.1\System.Threading.Tasks.Extensions.dll</ModulePath>
      <ModuleTime>2019-12-09T08:40:10Z</ModuleTime>
      <ModuleName>System.Threading.Tasks.Extensions</ModuleName>
      <Classes />
    </Module>
    <Module skippedDueTo="Filter" hash="CA-E1-1E-4D-DA-23-E4-A5-C8-E9-7D-32-47-A9-F1-A1-B3-4A-CB-56">
      <ModulePath>C:\Program Files\dotnet\shared\Microsoft.NETCore.App\3.1.1\System.Threading.Tasks.Parallel.dll</ModulePath>
      <ModuleTime>2019-12-09T08:40:12Z</ModuleTime>
      <ModuleName>System.Threading.Tasks.Parallel</ModuleName>
      <Classes />
    </Module>
    <Module skippedDueTo="Filter" hash="83-45-A4-58-C8-CB-E2-BB-25-20-13-C7-58-DE-31-27-47-99-06-AF">
      <ModulePath>C:\Program Files\dotnet\shared\Microsoft.NETCore.App\3.1.1\System.Transactions.Local.dll</ModulePath>
      <ModuleTime>2019-12-09T08:40:28Z</ModuleTime>
      <ModuleName>System.Transactions.Local</ModuleName>
      <Classes />
    </Module>
    <Module skippedDueTo="Filter" hash="18-E6-D6-37-1F-2D-D3-55-CD-68-39-ED-D7-28-C3-B7-C8-2A-4B-CD">
      <ModulePath>C:\Program Files\dotnet\shared\Microsoft.NETCore.App\3.1.1\System.Transactions.dll</ModulePath>
      <ModuleTime>2019-12-09T08:40:28Z</ModuleTime>
      <ModuleName>System.Transactions</ModuleName>
      <Classes />
    </Module>
    <Module skippedDueTo="Filter" hash="46-10-9C-1B-AF-32-51-B8-DC-79-90-2F-7A-84-29-5E-7A-F9-22-2D">
      <ModulePath>C:\Program Files\dotnet\shared\Microsoft.NETCore.App\3.1.1\System.ValueTuple.dll</ModulePath>
      <ModuleTime>2019-12-09T08:40:28Z</ModuleTime>
      <ModuleName>System.ValueTuple</ModuleName>
      <Classes />
    </Module>
    <Module skippedDueTo="Filter" hash="D6-D2-F7-0F-A5-15-D2-78-35-20-FB-72-B6-3C-0D-10-5A-29-F5-D2">
      <ModulePath>C:\Program Files\dotnet\shared\Microsoft.NETCore.App\3.1.1\System.Web.HttpUtility.dll</ModulePath>
      <ModuleTime>2019-12-09T08:39:54Z</ModuleTime>
      <ModuleName>System.Web.HttpUtility</ModuleName>
      <Classes />
    </Module>
    <Module skippedDueTo="Filter" hash="E4-CF-09-3D-49-CC-D8-60-F6-B5-CE-84-9D-1F-AB-54-A0-B6-8D-D7">
      <ModulePath>C:\Program Files\dotnet\shared\Microsoft.NETCore.App\3.1.1\System.Web.dll</ModulePath>
      <ModuleTime>2019-12-09T08:40:28Z</ModuleTime>
      <ModuleName>System.Web</ModuleName>
      <Classes />
    </Module>
    <Module skippedDueTo="Filter" hash="1F-F1-47-C9-23-F7-B2-1A-81-2C-43-C2-2F-3E-45-BC-5D-ED-4C-E3">
      <ModulePath>C:\Program Files\dotnet\shared\Microsoft.NETCore.App\3.1.1\System.Windows.dll</ModulePath>
      <ModuleTime>2019-12-09T08:40:26Z</ModuleTime>
      <ModuleName>System.Windows</ModuleName>
      <Classes />
    </Module>
    <Module skippedDueTo="Filter" hash="F0-6C-98-19-51-A7-5F-4E-CE-83-BC-29-DF-14-BD-0B-C2-18-DD-9A">
      <ModulePath>C:\Program Files\dotnet\shared\Microsoft.NETCore.App\3.1.1\System.Xml.Linq.dll</ModulePath>
      <ModuleTime>2019-12-09T08:39:56Z</ModuleTime>
      <ModuleName>System.Xml.Linq</ModuleName>
      <Classes />
    </Module>
    <Module skippedDueTo="Filter" hash="BA-53-E0-C1-C2-D9-A2-4A-34-21-A2-BC-4B-CB-3F-61-C5-44-22-91">
      <ModulePath>C:\Program Files\dotnet\shared\Microsoft.NETCore.App\3.1.1\System.Xml.Serialization.dll</ModulePath>
      <ModuleTime>2019-12-09T08:40:26Z</ModuleTime>
      <ModuleName>System.Xml.Serialization</ModuleName>
      <Classes />
    </Module>
    <Module skippedDueTo="Filter" hash="42-B2-88-BF-7E-5E-53-D5-56-3E-24-28-C8-CC-9C-A1-6E-C1-5D-4B">
      <ModulePath>C:\Program Files\dotnet\shared\Microsoft.NETCore.App\3.1.1\System.Xml.XPath.XDocument.dll</ModulePath>
      <ModuleTime>2019-12-09T08:39:54Z</ModuleTime>
      <ModuleName>System.Xml.XPath.XDocument</ModuleName>
      <Classes />
    </Module>
    <Module skippedDueTo="Filter" hash="07-EA-C2-66-42-49-0A-54-2F-18-2A-05-2C-3F-68-E6-12-C9-A7-EC">
      <ModulePath>C:\Program Files\dotnet\shared\Microsoft.NETCore.App\3.1.1\System.Xml.XmlSerializer.dll</ModulePath>
      <ModuleTime>2019-12-09T08:40:26Z</ModuleTime>
      <ModuleName>System.Xml.XmlSerializer</ModuleName>
      <Classes />
    </Module>
    <Module skippedDueTo="Filter" hash="2E-BE-EC-53-A2-77-41-AC-B4-61-4C-55-34-1E-59-AD-74-AF-23-65">
      <ModulePath>C:\Program Files\dotnet\shared\Microsoft.NETCore.App\3.1.1\System.dll</ModulePath>
      <ModuleTime>2019-12-09T08:40:06Z</ModuleTime>
      <ModuleName>System</ModuleName>
      <Classes />
    </Module>
    <Module skippedDueTo="Filter" hash="78-1D-79-14-80-2E-08-52-A0-0E-35-B0-0A-F9-73-59-62-67-BA-31">
      <ModulePath>C:\Program Files\dotnet\shared\Microsoft.NETCore.App\3.1.1\WindowsBase.dll</ModulePath>
      <ModuleTime>2019-12-09T08:40:28Z</ModuleTime>
      <ModuleName>WindowsBase</ModuleName>
      <Classes />
    </Module>
    <Module skippedDueTo="Filter" hash="0B-62-40-90-58-76-E8-86-0D-1A-DC-F5-78-DB-B7-94-BC-00-10-0C">
      <ModulePath>C:\Users\mihernandez\Documents\GitHub\LazyLoading_BackEnd\Test\LazyLoading.Application.Test\bin\Debug\netcoreapp3.1\xunit.runner.reporters.netcoreapp10.dll</ModulePath>
      <ModuleTime>2018-07-17T09:18:26Z</ModuleTime>
      <ModuleName>xunit.runner.reporters.netcoreapp10</ModuleName>
      <Classes />
    </Module>
    <Module skippedDueTo="Filter" hash="16-7C-D1-8D-0E-08-82-D2-50-9C-9A-FF-7A-6F-C1-DB-D3-21-8A-72">
      <ModulePath>C:\Users\mihernandez\Documents\GitHub\LazyLoading_BackEnd\Test\LazyLoading.Application.Test\bin\Debug\netcoreapp3.1\xunit.runner.visualstudio.dotnetcore.testadapter.dll</ModulePath>
      <ModuleTime>2018-07-17T09:18:28Z</ModuleTime>
      <ModuleName>xunit.runner.visualstudio.dotnetcore.testadapter</ModuleName>
      <Classes />
    </Module>
    <Module skippedDueTo="Filter" hash="">
      <ModulePath>RefEmit_InMemoryManifestModule</ModulePath>
      <ModuleTime>0001-01-01T00:00:00</ModuleTime>
      <ModuleName>DynamicProxyGenAssembly2</ModuleName>
      <Classes />
    </Module>
  </Modules>
</CoverageSession>